2019-10-16 10:13:43.357  INFO 20032 --- [main] com.env.config.ConfigCenterApplication   : The following profiles are active: base
2019-10-16 10:13:43.366  INFO 20032 --- [main] ationConfigEmbeddedWebApplicationContext : Refreshing org.springframework.boot.context.embedded.AnnotationConfigEmbeddedWebApplicationContext@39e43310: startup date [Wed Oct 16 10:13:43 CST 2019]; parent: org.springframework.context.annotation.AnnotationConfigApplicationContext@42f33b5d
2019-10-16 10:13:44.027  INFO 20032 --- [main] o.s.cloud.context.scope.GenericScope     : BeanFactory id=99edfc7e-8386-3d7a-b018-825ede880b97
2019-10-16 10:13:44.041  INFO 20032 --- [main] f.a.AutowiredAnnotationBeanPostProcessor : JSR-330 'javax.inject.Inject' annotation found and supported for autowiring
2019-10-16 10:13:44.157  INFO 20032 --- [main] trationDelegate$BeanPostProcessorChecker : Bean 'org.springframework.cloud.netflix.metrics.MetricsInterceptorConfiguration$MetricsRestTemplateConfiguration' of type [org.springframework.cloud.netflix.metrics.MetricsInterceptorConfiguration$MetricsRestTemplateConfiguration$$EnhancerBySpringCGLIB$$ea89b3a8] is not eligible for getting processed by all BeanPostProcessors (for example: not eligible for auto-proxying)
2019-10-16 10:13:44.168  INFO 20032 --- [main] trationDelegate$BeanPostProcessorChecker : Bean 'org.springframework.cloud.autoconfigure.ConfigurationPropertiesRebinderAutoConfiguration' of type [org.springframework.cloud.autoconfigure.ConfigurationPropertiesRebinderAutoConfiguration$$EnhancerBySpringCGLIB$$d4771064] is not eligible for getting processed by all BeanPostProcessors (for example: not eligible for auto-proxying)
2019-10-16 10:13:44.457  INFO 20032 --- [main] s.b.c.e.t.TomcatEmbeddedServletContainer : Tomcat initialized with port(s): 17000 (http)
2019-10-16 10:13:44.465  INFO 20032 --- [main] o.apache.catalina.core.StandardService   : Starting service [Tomcat]
2019-10-16 10:13:44.466  INFO 20032 --- [main] org.apache.catalina.core.StandardEngine  : Starting Servlet Engine: Apache Tomcat/8.5.20
2019-10-16 10:13:44.558  INFO 20032 --- [localhost-startStop-1] o.a.c.c.C.[Tomcat].[localhost].[/]       : Initializing Spring embedded WebApplicationContext
2019-10-16 10:13:44.559  INFO 20032 --- [localhost-startStop-1] o.s.web.context.ContextLoader            : Root WebApplicationContext: initialization completed in 1193 ms
2019-10-16 10:13:44.831  INFO 20032 --- [localhost-startStop-1] o.s.b.w.servlet.FilterRegistrationBean   : Mapping filter: 'metricsFilter' to: [/*]
2019-10-16 10:13:44.831  INFO 20032 --- [localhost-startStop-1] o.s.b.w.servlet.FilterRegistrationBean   : Mapping filter: 'characterEncodingFilter' to: [/*]
2019-10-16 10:13:44.831  INFO 20032 --- [localhost-startStop-1] o.s.b.w.servlet.FilterRegistrationBean   : Mapping filter: 'hiddenHttpMethodFilter' to: [/*]
2019-10-16 10:13:44.831  INFO 20032 --- [localhost-startStop-1] o.s.b.w.servlet.FilterRegistrationBean   : Mapping filter: 'httpPutFormContentFilter' to: [/*]
2019-10-16 10:13:44.832  INFO 20032 --- [localhost-startStop-1] o.s.b.w.servlet.FilterRegistrationBean   : Mapping filter: 'requestContextFilter' to: [/*]
2019-10-16 10:13:44.832  INFO 20032 --- [localhost-startStop-1] .s.DelegatingFilterProxyRegistrationBean : Mapping filter: 'springSecurityFilterChain' to: [/*]
2019-10-16 10:13:44.833  INFO 20032 --- [localhost-startStop-1] o.s.b.w.servlet.FilterRegistrationBean   : Mapping filter: 'webRequestLoggingFilter' to: [/*]
2019-10-16 10:13:44.833  INFO 20032 --- [localhost-startStop-1] o.s.b.w.servlet.FilterRegistrationBean   : Mapping filter: 'applicationContextIdFilter' to: [/*]
2019-10-16 10:13:44.833  INFO 20032 --- [localhost-startStop-1] o.s.b.w.servlet.ServletRegistrationBean  : Mapping servlet: 'dispatcherServlet' to [/]
2019-10-16 10:13:45.205  INFO 20032 --- [main] s.w.s.m.m.a.RequestMappingHandlerAdapter : Looking for @ControllerAdvice: org.springframework.boot.context.embedded.AnnotationConfigEmbeddedWebApplicationContext@39e43310: startup date [Wed Oct 16 10:13:43 CST 2019]; parent: org.springframework.context.annotation.AnnotationConfigApplicationContext@42f33b5d
2019-10-16 10:13:45.274  INFO 20032 --- [main] s.w.s.m.m.a.RequestMappingHandlerMapping : Mapped "{[/error]}" onto public org.springframework.http.ResponseEntity<java.util.Map<java.lang.String, java.lang.Object>> org.springframework.boot.autoconfigure.web.BasicErrorController.error(javax.servlet.http.HttpServletRequest)
2019-10-16 10:13:45.275  INFO 20032 --- [main] s.w.s.m.m.a.RequestMappingHandlerMapping : Mapped "{[/error],produces=[text/html]}" onto public org.springframework.web.servlet.ModelAndView org.springframework.boot.autoconfigure.web.BasicErrorController.errorHtml(javax.servlet.http.HttpServletRequest,javax.servlet.http.HttpServletResponse)
2019-10-16 10:13:45.281  INFO 20032 --- [main] s.w.s.m.m.a.RequestMappingHandlerMapping : Mapped "{[/encrypt/status],methods=[GET]}" onto public java.util.Map<java.lang.String, java.lang.Object> org.springframework.cloud.config.server.encryption.EncryptionController.status()
2019-10-16 10:13:45.281  INFO 20032 --- [main] s.w.s.m.m.a.RequestMappingHandlerMapping : Mapped "{[/key/{name}/{profiles}],methods=[GET]}" onto public java.lang.String org.springframework.cloud.config.server.encryption.EncryptionController.getPublicKey(java.lang.String,java.lang.String)
2019-10-16 10:13:45.281  INFO 20032 --- [main] s.w.s.m.m.a.RequestMappingHandlerMapping : Mapped "{[/key],methods=[GET]}" onto public java.lang.String org.springframework.cloud.config.server.encryption.EncryptionController.getPublicKey()
2019-10-16 10:13:45.281  INFO 20032 --- [main] s.w.s.m.m.a.RequestMappingHandlerMapping : Mapped "{[/encrypt],methods=[POST]}" onto public java.lang.String org.springframework.cloud.config.server.encryption.EncryptionController.encrypt(java.lang.String,org.springframework.http.MediaType)
2019-10-16 10:13:45.281  INFO 20032 --- [main] s.w.s.m.m.a.RequestMappingHandlerMapping : Mapped "{[/encrypt/{name}/{profiles}],methods=[POST]}" onto public java.lang.String org.springframework.cloud.config.server.encryption.EncryptionController.encrypt(java.lang.String,java.lang.String,java.lang.String,org.springframework.http.MediaType)
2019-10-16 10:13:45.282  INFO 20032 --- [main] s.w.s.m.m.a.RequestMappingHandlerMapping : Mapped "{[/decrypt],methods=[POST]}" onto public java.lang.String org.springframework.cloud.config.server.encryption.EncryptionController.decrypt(java.lang.String,org.springframework.http.MediaType)
2019-10-16 10:13:45.282  INFO 20032 --- [main] s.w.s.m.m.a.RequestMappingHandlerMapping : Mapped "{[/decrypt/{name}/{profiles}],methods=[POST]}" onto public java.lang.String org.springframework.cloud.config.server.encryption.EncryptionController.decrypt(java.lang.String,java.lang.String,java.lang.String,org.springframework.http.MediaType)
2019-10-16 10:13:45.286  INFO 20032 --- [main] s.w.s.m.m.a.RequestMappingHandlerMapping : Mapped "{[/{name}-{profiles}.properties],methods=[GET]}" onto public org.springframework.http.ResponseEntity<java.lang.String> org.springframework.cloud.config.server.environment.EnvironmentController.properties(java.lang.String,java.lang.String,boolean) throws java.io.IOException
2019-10-16 10:13:45.286  INFO 20032 --- [main] s.w.s.m.m.a.RequestMappingHandlerMapping : Mapped "{[/{name}-{profiles}.yml || /{name}-{profiles}.yaml],methods=[GET]}" onto public org.springframework.http.ResponseEntity<java.lang.String> org.springframework.cloud.config.server.environment.EnvironmentController.yaml(java.lang.String,java.lang.String,boolean) throws java.lang.Exception
2019-10-16 10:13:45.286  INFO 20032 --- [main] s.w.s.m.m.a.RequestMappingHandlerMapping : Mapped "{[/{name}/{profiles:.*[^-].*}],methods=[GET]}" onto public org.springframework.cloud.config.environment.Environment org.springframework.cloud.config.server.environment.EnvironmentController.defaultLabel(java.lang.String,java.lang.String)
2019-10-16 10:13:45.286  INFO 20032 --- [main] s.w.s.m.m.a.RequestMappingHandlerMapping : Mapped "{[/{name}/{profiles}/{label:.*}],methods=[GET]}" onto public org.springframework.cloud.config.environment.Environment org.springframework.cloud.config.server.environment.EnvironmentController.labelled(java.lang.String,java.lang.String,java.lang.String)
2019-10-16 10:13:45.287  INFO 20032 --- [main] s.w.s.m.m.a.RequestMappingHandlerMapping : Mapped "{[/{label}/{name}-{profiles}.properties],methods=[GET]}" onto public org.springframework.http.ResponseEntity<java.lang.String> org.springframework.cloud.config.server.environment.EnvironmentController.labelledProperties(java.lang.String,java.lang.String,java.lang.String,boolean) throws java.io.IOException
2019-10-16 10:13:45.287  INFO 20032 --- [main] s.w.s.m.m.a.RequestMappingHandlerMapping : Mapped "{[/{label}/{name}-{profiles}.yml || /{label}/{name}-{profiles}.yaml],methods=[GET]}" onto public org.springframework.http.ResponseEntity<java.lang.String> org.springframework.cloud.config.server.environment.EnvironmentController.labelledYaml(java.lang.String,java.lang.String,java.lang.String,boolean) throws java.lang.Exception
2019-10-16 10:13:45.287  INFO 20032 --- [main] s.w.s.m.m.a.RequestMappingHandlerMapping : Mapped "{[/{name}-{profiles}.json],methods=[GET]}" onto public org.springframework.http.ResponseEntity<java.lang.String> org.springframework.cloud.config.server.environment.EnvironmentController.jsonProperties(java.lang.String,java.lang.String,boolean) throws java.lang.Exception
2019-10-16 10:13:45.287  INFO 20032 --- [main] s.w.s.m.m.a.RequestMappingHandlerMapping : Mapped "{[/{label}/{name}-{profiles}.json],methods=[GET]}" onto public org.springframework.http.ResponseEntity<java.lang.String> org.springframework.cloud.config.server.environment.EnvironmentController.labelledJsonProperties(java.lang.String,java.lang.String,java.lang.String,boolean) throws java.lang.Exception
2019-10-16 10:13:45.289  INFO 20032 --- [main] s.w.s.m.m.a.RequestMappingHandlerMapping : Mapped "{[/{name}/{profile}/{label}/**],methods=[GET]}" onto public java.lang.String org.springframework.cloud.config.server.resource.ResourceController.resolve(java.lang.String,java.lang.String,java.lang.String,javax.servlet.http.HttpServletRequest) throws java.io.IOException
2019-10-16 10:13:45.289  INFO 20032 --- [main] s.w.s.m.m.a.RequestMappingHandlerMapping : Mapped "{[/{name}/{profile}/{label}/**],methods=[GET],produces=[application/octet-stream]}" onto public synchronized byte[] org.springframework.cloud.config.server.resource.ResourceController.binary(java.lang.String,java.lang.String,java.lang.String,javax.servlet.http.HttpServletRequest) throws java.io.IOException
2019-10-16 10:13:45.317  INFO 20032 --- [main] o.s.w.s.handler.SimpleUrlHandlerMapping  : Mapped URL path [/webjars/**] onto handler of type [class org.springframework.web.servlet.resource.ResourceHttpRequestHandler]
2019-10-16 10:13:45.317  INFO 20032 --- [main] o.s.w.s.handler.SimpleUrlHandlerMapping  : Mapped URL path [/**] onto handler of type [class org.springframework.web.servlet.resource.ResourceHttpRequestHandler]
2019-10-16 10:13:45.589  INFO 20032 --- [main] o.s.s.web.DefaultSecurityFilterChain     : Creating filter chain: OrRequestMatcher [requestMatchers=[Ant [pattern='/css/**'], Ant [pattern='/js/**'], Ant [pattern='/images/**'], Ant [pattern='/webjars/**'], Ant [pattern='/**/favicon.ico'], Ant [pattern='/error']]], []
2019-10-16 10:13:45.994  INFO 20032 --- [main] o.s.b.a.e.mvc.EndpointHandlerMapping     : Mapped "{[/sys/monitor/health || /sys/monitor/health.json],methods=[GET],produces=[application/vnd.spring-boot.actuator.v1+json || application/json]}" onto public java.lang.Object org.springframework.boot.actuate.endpoint.mvc.HealthMvcEndpoint.invoke(javax.servlet.http.HttpServletRequest,java.security.Principal)
2019-10-16 10:13:45.995  INFO 20032 --- [main] o.s.b.a.e.mvc.EndpointHandlerMapping     : Mapped "{[/sys/monitor/beans || /sys/monitor/beans.json],methods=[GET],produces=[application/vnd.spring-boot.actuator.v1+json || application/json]}" onto public java.lang.Object org.springframework.boot.actuate.endpoint.mvc.EndpointMvcAdapter.invoke()
2019-10-16 10:13:45.995  INFO 20032 --- [main] o.s.b.a.e.mvc.EndpointHandlerMapping     : Mapped "{[/sys/monitor/archaius || /sys/monitor/archaius.json],methods=[GET],produces=[application/vnd.spring-boot.actuator.v1+json || application/json]}" onto public java.lang.Object org.springframework.boot.actuate.endpoint.mvc.EndpointMvcAdapter.invoke()
2019-10-16 10:13:45.995  INFO 20032 --- [main] o.s.b.a.e.mvc.EndpointHandlerMapping     : Mapped "{[/sys/monitor/info || /sys/monitor/info.json],methods=[GET],produces=[application/vnd.spring-boot.actuator.v1+json || application/json]}" onto public java.lang.Object org.springframework.boot.actuate.endpoint.mvc.EndpointMvcAdapter.invoke()
2019-10-16 10:13:45.996  INFO 20032 --- [main] o.s.b.a.e.mvc.EndpointHandlerMapping     : Mapped "{[/sys/monitor/dump || /sys/monitor/dump.json],methods=[GET],produces=[application/vnd.spring-boot.actuator.v1+json || application/json]}" onto public java.lang.Object org.springframework.boot.actuate.endpoint.mvc.EndpointMvcAdapter.invoke()
2019-10-16 10:13:45.996  INFO 20032 --- [main] o.s.b.a.e.mvc.EndpointHandlerMapping     : Mapped "{[/sys/monitor/resume || /sys/monitor/resume.json],methods=[POST]}" onto public java.lang.Object org.springframework.cloud.endpoint.GenericPostableMvcEndpoint.invoke()
2019-10-16 10:13:45.996  INFO 20032 --- [main] o.s.b.a.e.mvc.EndpointHandlerMapping     : Mapped "{[/sys/monitor/features || /sys/monitor/features.json],methods=[GET],produces=[application/vnd.spring-boot.actuator.v1+json || application/json]}" onto public java.lang.Object org.springframework.boot.actuate.endpoint.mvc.EndpointMvcAdapter.invoke()
2019-10-16 10:13:45.997  INFO 20032 --- [main] o.s.b.a.e.mvc.EndpointHandlerMapping     : Mapped "{[/sys/monitor/metrics/{name:.*}],methods=[GET],produces=[application/vnd.spring-boot.actuator.v1+json || application/json]}" onto public java.lang.Object org.springframework.boot.actuate.endpoint.mvc.MetricsMvcEndpoint.value(java.lang.String)
2019-10-16 10:13:45.997  INFO 20032 --- [main] o.s.b.a.e.mvc.EndpointHandlerMapping     : Mapped "{[/sys/monitor/metrics || /sys/monitor/metrics.json],methods=[GET],produces=[application/vnd.spring-boot.actuator.v1+json || application/json]}" onto public java.lang.Object org.springframework.boot.actuate.endpoint.mvc.EndpointMvcAdapter.invoke()
2019-10-16 10:13:45.997  INFO 20032 --- [main] o.s.b.a.e.mvc.EndpointHandlerMapping     : Mapped "{[/sys/monitor/trace || /sys/monitor/trace.json],methods=[GET],produces=[application/vnd.spring-boot.actuator.v1+json || application/json]}" onto public java.lang.Object org.springframework.boot.actuate.endpoint.mvc.EndpointMvcAdapter.invoke()
2019-10-16 10:13:45.998  INFO 20032 --- [main] o.s.b.a.e.mvc.EndpointHandlerMapping     : Mapped "{[/sys/monitor/auditevents || /sys/monitor/auditevents.json],methods=[GET],produces=[application/vnd.spring-boot.actuator.v1+json || application/json]}" onto public org.springframework.http.ResponseEntity<?> org.springframework.boot.actuate.endpoint.mvc.AuditEventsMvcEndpoint.findByPrincipalAndAfterAndType(java.lang.String,java.util.Date,java.lang.String)
2019-10-16 10:13:45.999  INFO 20032 --- [main] o.s.b.a.e.mvc.EndpointHandlerMapping     : Mapped "{[/sys/monitor/configprops || /sys/monitor/configprops.json],methods=[GET],produces=[application/vnd.spring-boot.actuator.v1+json || application/json]}" onto public java.lang.Object org.springframework.boot.actuate.endpoint.mvc.EndpointMvcAdapter.invoke()
2019-10-16 10:13:46.000  INFO 20032 --- [main] o.s.b.a.e.mvc.EndpointHandlerMapping     : Mapped "{[/sys/monitor/logfile || /sys/monitor/logfile.json],methods=[GET || HEAD]}" onto public void org.springframework.boot.actuate.endpoint.mvc.LogFileMvcEndpoint.invoke(javax.servlet.http.HttpServletRequest,javax.servlet.http.HttpServletResponse) throws javax.servlet.ServletException,java.io.IOException
2019-10-16 10:13:46.001  INFO 20032 --- [main] o.s.b.a.e.mvc.EndpointHandlerMapping     : Mapped "{[/sys/monitor/env/{name:.*}],methods=[GET],produces=[application/vnd.spring-boot.actuator.v1+json || application/json]}" onto public java.lang.Object org.springframework.boot.actuate.endpoint.mvc.EnvironmentMvcEndpoint.value(java.lang.String)
2019-10-16 10:13:46.002  INFO 20032 --- [main] o.s.b.a.e.mvc.EndpointHandlerMapping     : Mapped "{[/sys/monitor/env || /sys/monitor/env.json],methods=[GET],produces=[application/vnd.spring-boot.actuator.v1+json || application/json]}" onto public java.lang.Object org.springframework.boot.actuate.endpoint.mvc.EndpointMvcAdapter.invoke()
2019-10-16 10:13:46.003  INFO 20032 --- [main] o.s.b.a.e.mvc.EndpointHandlerMapping     : Mapped "{[/sys/monitor/env],methods=[POST]}" onto public java.lang.Object org.springframework.cloud.context.environment.EnvironmentManagerMvcEndpoint.value(java.util.Map<java.lang.String, java.lang.String>)
2019-10-16 10:13:46.003  INFO 20032 --- [main] o.s.b.a.e.mvc.EndpointHandlerMapping     : Mapped "{[/sys/monitor/env/reset],methods=[POST]}" onto public java.util.Map<java.lang.String, java.lang.Object> org.springframework.cloud.context.environment.EnvironmentManagerMvcEndpoint.reset()
2019-10-16 10:13:46.004  INFO 20032 --- [main] o.s.b.a.e.mvc.EndpointHandlerMapping     : Mapped "{[/sys/monitor/restart || /sys/monitor/restart.json],methods=[POST]}" onto public java.lang.Object org.springframework.cloud.context.restart.RestartMvcEndpoint.invoke()
2019-10-16 10:13:46.006  INFO 20032 --- [main] o.s.b.a.e.mvc.EndpointHandlerMapping     : Mapped "{[/sys/monitor/autoconfig || /sys/monitor/autoconfig.json],methods=[GET],produces=[application/vnd.spring-boot.actuator.v1+json || application/json]}" onto public java.lang.Object org.springframework.boot.actuate.endpoint.mvc.EndpointMvcAdapter.invoke()
2019-10-16 10:13:46.007  INFO 20032 --- [main] o.s.b.a.e.mvc.EndpointHandlerMapping     : Mapped "{[/sys/monitor/loggers/{name:.*}],methods=[GET],produces=[application/vnd.spring-boot.actuator.v1+json || application/json]}" onto public java.lang.Object org.springframework.boot.actuate.endpoint.mvc.LoggersMvcEndpoint.get(java.lang.String)
2019-10-16 10:13:46.008  INFO 20032 --- [main] o.s.b.a.e.mvc.EndpointHandlerMapping     : Mapped "{[/sys/monitor/loggers/{name:.*}],methods=[POST],consumes=[application/vnd.spring-boot.actuator.v1+json || application/json],produces=[application/vnd.spring-boot.actuator.v1+json || application/json]}" onto public java.lang.Object org.springframework.boot.actuate.endpoint.mvc.LoggersMvcEndpoint.set(java.lang.String,java.util.Map<java.lang.String, java.lang.String>)
2019-10-16 10:13:46.008  INFO 20032 --- [main] o.s.b.a.e.mvc.EndpointHandlerMapping     : Mapped "{[/sys/monitor/loggers || /sys/monitor/loggers.json],methods=[GET],produces=[application/vnd.spring-boot.actuator.v1+json || application/json]}" onto public java.lang.Object org.springframework.boot.actuate.endpoint.mvc.EndpointMvcAdapter.invoke()
2019-10-16 10:13:46.009  INFO 20032 --- [main] o.s.b.a.e.mvc.EndpointHandlerMapping     : Mapped "{[/sys/monitor/heapdump || /sys/monitor/heapdump.json],methods=[GET],produces=[application/octet-stream]}" onto public void org.springframework.boot.actuate.endpoint.mvc.HeapdumpMvcEndpoint.invoke(boolean,javax.servlet.http.HttpServletRequest,javax.servlet.http.HttpServletResponse) throws java.io.IOException,javax.servlet.ServletException
2019-10-16 10:13:46.010  INFO 20032 --- [main] o.s.b.a.e.mvc.EndpointHandlerMapping     : Mapped "{[/sys/monitor/refresh || /sys/monitor/refresh.json],methods=[POST]}" onto public java.lang.Object org.springframework.cloud.endpoint.GenericPostableMvcEndpoint.invoke()
2019-10-16 10:13:46.010  INFO 20032 --- [main] o.s.b.a.e.mvc.EndpointHandlerMapping     : Mapped "{[/sys/monitor/pause || /sys/monitor/pause.json],methods=[POST]}" onto public java.lang.Object org.springframework.cloud.endpoint.GenericPostableMvcEndpoint.invoke()
2019-10-16 10:13:46.010  INFO 20032 --- [main] o.s.b.a.e.mvc.EndpointHandlerMapping     : Mapped "{[/sys/monitor/mappings || /sys/monitor/mappings.json],methods=[GET],produces=[application/vnd.spring-boot.actuator.v1+json || application/json]}" onto public java.lang.Object org.springframework.boot.actuate.endpoint.mvc.EndpointMvcAdapter.invoke()
2019-10-16 10:13:46.011  INFO 20032 --- [main] o.s.s.web.DefaultSecurityFilterChain     : Creating filter chain: Ant [pattern='/sys/monitor/**'], [org.springframework.security.web.context.request.async.WebAsyncManagerIntegrationFilter@3359c3f6, org.springframework.security.web.context.SecurityContextPersistenceFilter@24a3d414, org.springframework.security.web.header.HeaderWriterFilter@1bfa3893, org.springframework.web.filter.CorsFilter@3d3b272a, org.springframework.security.web.authentication.logout.LogoutFilter@1e29a81a, org.springframework.security.web.authentication.www.BasicAuthenticationFilter@10d98940, org.springframework.security.web.savedrequest.RequestCacheAwareFilter@6248cfab, org.springframework.security.web.servletapi.SecurityContextHolderAwareRequestFilter@54defd69, org.springframework.security.web.authentication.AnonymousAuthenticationFilter@45b27ad3, org.springframework.security.web.session.SessionManagementFilter@29c59b6e, org.springframework.security.web.access.ExceptionTranslationFilter@71039ce1, org.springframework.security.web.access.intercept.FilterSecurityInterceptor@2f07930a]
2019-10-16 10:13:46.013  INFO 20032 --- [main] o.s.s.web.DefaultSecurityFilterChain     : Creating filter chain: OrRequestMatcher [requestMatchers=[Ant [pattern='/sys/monitor/**']]], [org.springframework.security.web.context.request.async.WebAsyncManagerIntegrationFilter@56499781, org.springframework.security.web.context.SecurityContextPersistenceFilter@42cfd794, org.springframework.security.web.header.HeaderWriterFilter@16949dfa, org.springframework.security.web.authentication.logout.LogoutFilter@17f41739, org.springframework.security.web.authentication.www.BasicAuthenticationFilter@2b3b1124, org.springframework.security.web.savedrequest.RequestCacheAwareFilter@43778371, org.springframework.security.web.servletapi.SecurityContextHolderAwareRequestFilter@71beada8, org.springframework.security.web.authentication.AnonymousAuthenticationFilter@43f99817, org.springframework.security.web.session.SessionManagementFilter@d6d683e, org.springframework.security.web.access.ExceptionTranslationFilter@1c53bd49, org.springframework.security.web.access.intercept.FilterSecurityInterceptor@60bc308b]
2019-10-16 10:13:46.287  WARN 20032 --- [main] c.n.c.sources.URLConfigurationSource     : No URLs will be polled as dynamic configuration sources.
2019-10-16 10:13:46.288  INFO 20032 --- [main] c.n.c.sources.URLConfigurationSource     : To enable URLs as dynamic configuration sources, define System property archaius.configurationSource.additionalUrls or make config.properties available on classpath.
2019-10-16 10:13:46.291  WARN 20032 --- [main] c.n.c.sources.URLConfigurationSource     : No URLs will be polled as dynamic configuration sources.
2019-10-16 10:13:46.291  INFO 20032 --- [main] c.n.c.sources.URLConfigurationSource     : To enable URLs as dynamic configuration sources, define System property archaius.configurationSource.additionalUrls or make config.properties available on classpath.
2019-10-16 10:13:46.508  INFO 20032 --- [main] o.s.j.e.a.AnnotationMBeanExporter        : Registering beans for JMX exposure on startup
2019-10-16 10:13:46.518  INFO 20032 --- [main] o.s.j.e.a.AnnotationMBeanExporter        : Bean with name 'configurationPropertiesRebinder' has been autodetected for JMX exposure
2019-10-16 10:13:46.518  INFO 20032 --- [main] o.s.j.e.a.AnnotationMBeanExporter        : Bean with name 'refreshEndpoint' has been autodetected for JMX exposure
2019-10-16 10:13:46.519  INFO 20032 --- [main] o.s.j.e.a.AnnotationMBeanExporter        : Bean with name 'restartEndpoint' has been autodetected for JMX exposure
2019-10-16 10:13:46.520  INFO 20032 --- [main] o.s.j.e.a.AnnotationMBeanExporter        : Bean with name 'environmentManager' has been autodetected for JMX exposure
2019-10-16 10:13:46.521  INFO 20032 --- [main] o.s.j.e.a.AnnotationMBeanExporter        : Bean with name 'refreshScope' has been autodetected for JMX exposure
2019-10-16 10:13:46.523  INFO 20032 --- [main] o.s.j.e.a.AnnotationMBeanExporter        : Located managed bean 'environmentManager': registering with JMX server as MBean [org.springframework.cloud.context.environment:name=environmentManager,type=EnvironmentManager]
2019-10-16 10:13:46.536  INFO 20032 --- [main] o.s.j.e.a.AnnotationMBeanExporter        : Located managed bean 'restartEndpoint': registering with JMX server as MBean [org.springframework.cloud.context.restart:name=restartEndpoint,type=RestartEndpoint]
2019-10-16 10:13:46.546  INFO 20032 --- [main] o.s.j.e.a.AnnotationMBeanExporter        : Located managed bean 'refreshScope': registering with JMX server as MBean [org.springframework.cloud.context.scope.refresh:name=refreshScope,type=RefreshScope]
2019-10-16 10:13:46.557  INFO 20032 --- [main] o.s.j.e.a.AnnotationMBeanExporter        : Located managed bean 'configurationPropertiesRebinder': registering with JMX server as MBean [org.springframework.cloud.context.properties:name=configurationPropertiesRebinder,context=39e43310,type=ConfigurationPropertiesRebinder]
2019-10-16 10:13:46.563  INFO 20032 --- [main] o.s.j.e.a.AnnotationMBeanExporter        : Located managed bean 'refreshEndpoint': registering with JMX server as MBean [org.springframework.cloud.endpoint:name=refreshEndpoint,type=RefreshEndpoint]
2019-10-16 10:13:46.754  INFO 20032 --- [main] o.s.c.support.DefaultLifecycleProcessor  : Starting beans in phase 0
2019-10-16 10:13:46.904  INFO 20032 --- [main] s.b.c.e.t.TomcatEmbeddedServletContainer : Tomcat started on port(s): 17000 (http)
2019-10-16 10:13:46.909  INFO 20032 --- [main] com.env.config.ConfigCenterApplication   : Started ConfigCenterApplication in 4.903 seconds (JVM running for 6.757)
2019-10-16 10:13:50.822  INFO 20032 --- [RMI TCP Connection(1)-192.168.189.1] s.c.a.AnnotationConfigApplicationContext : Refreshing org.springframework.context.annotation.AnnotationConfigApplicationContext@3b68d475: startup date [Wed Oct 16 10:13:50 CST 2019]; root of context hierarchy
2019-10-16 10:13:50.833  INFO 20032 --- [RMI TCP Connection(1)-192.168.189.1] f.a.AutowiredAnnotationBeanPostProcessor : JSR-330 'javax.inject.Inject' annotation found and supported for autowiring
2019-10-16 10:13:50.872  INFO 20032 --- [RMI TCP Connection(1)-192.168.189.1] s.c.a.AnnotationConfigApplicationContext : Closing org.springframework.context.annotation.AnnotationConfigApplicationContext@3b68d475: startup date [Wed Oct 16 10:13:50 CST 2019]; root of context hierarchy
2019-10-16 10:14:50.182  INFO 20032 --- [http-nio-17000-exec-1] o.a.c.c.C.[Tomcat].[localhost].[/]       : Initializing Spring FrameworkServlet 'dispatcherServlet'
2019-10-16 10:14:50.182  INFO 20032 --- [http-nio-17000-exec-1] o.s.web.servlet.DispatcherServlet        : FrameworkServlet 'dispatcherServlet': initialization started
2019-10-16 10:14:50.205  INFO 20032 --- [http-nio-17000-exec-1] o.s.web.servlet.DispatcherServlet        : FrameworkServlet 'dispatcherServlet': initialization completed in 23 ms
2019-10-16 10:14:51.171  INFO 20032 --- [http-nio-17000-exec-1] s.c.a.AnnotationConfigApplicationContext : Refreshing org.springframework.context.annotation.AnnotationConfigApplicationContext@46ad7166: startup date [Wed Oct 16 10:14:51 CST 2019]; root of context hierarchy
2019-10-16 10:14:51.190  INFO 20032 --- [http-nio-17000-exec-1] f.a.AutowiredAnnotationBeanPostProcessor : JSR-330 'javax.inject.Inject' annotation found and supported for autowiring
2019-10-16 10:14:51.242  INFO 20032 --- [http-nio-17000-exec-1] o.s.c.c.s.e.NativeEnvironmentRepository  : Adding property source: file:/C:/Users/y14/AppData/Local/Temp/config-repo-9582555212500983629/api-patrol/db-prod.yml
2019-10-16 10:14:51.242  INFO 20032 --- [http-nio-17000-exec-1] o.s.c.c.s.e.NativeEnvironmentRepository  : Adding property source: file:/C:/Users/y14/AppData/Local/Temp/config-repo-9582555212500983629/api-patrol/api-patrol-prod.yml
2019-10-16 10:14:51.243  INFO 20032 --- [http-nio-17000-exec-1] o.s.c.c.s.e.NativeEnvironmentRepository  : Adding property source: file:/C:/Users/y14/AppData/Local/Temp/config-repo-9582555212500983629/config/common-prod.yml
2019-10-16 10:14:51.243  INFO 20032 --- [http-nio-17000-exec-1] o.s.c.c.s.e.NativeEnvironmentRepository  : Adding property source: file:/C:/Users/y14/AppData/Local/Temp/config-repo-9582555212500983629/api-patrol/db.yml
2019-10-16 10:14:51.243  INFO 20032 --- [http-nio-17000-exec-1] o.s.c.c.s.e.NativeEnvironmentRepository  : Adding property source: file:/C:/Users/y14/AppData/Local/Temp/config-repo-9582555212500983629/api-patrol/api-patrol.yml
2019-10-16 10:14:51.243  INFO 20032 --- [http-nio-17000-exec-1] o.s.c.c.s.e.NativeEnvironmentRepository  : Adding property source: file:/C:/Users/y14/AppData/Local/Temp/config-repo-9582555212500983629/config/mybatis.yml
2019-10-16 10:14:51.243  INFO 20032 --- [http-nio-17000-exec-1] o.s.c.c.s.e.NativeEnvironmentRepository  : Adding property source: file:/C:/Users/y14/AppData/Local/Temp/config-repo-9582555212500983629/config/common.yml
2019-10-16 10:14:51.244  INFO 20032 --- [http-nio-17000-exec-1] s.c.a.AnnotationConfigApplicationContext : Closing org.springframework.context.annotation.AnnotationConfigApplicationContext@46ad7166: startup date [Wed Oct 16 10:14:51 CST 2019]; root of context hierarchy
2019-10-16 10:15:06.582  INFO 20032 --- [http-nio-17000-exec-2] s.c.a.AnnotationConfigApplicationContext : Refreshing org.springframework.context.annotation.AnnotationConfigApplicationContext@13068536: startup date [Wed Oct 16 10:15:06 CST 2019]; root of context hierarchy
2019-10-16 10:15:06.588  INFO 20032 --- [http-nio-17000-exec-2] f.a.AutowiredAnnotationBeanPostProcessor : JSR-330 'javax.inject.Inject' annotation found and supported for autowiring
2019-10-16 10:15:06.627  INFO 20032 --- [http-nio-17000-exec-2] o.s.c.c.s.e.NativeEnvironmentRepository  : Adding property source: file:/C:/Users/y14/AppData/Local/Temp/config-repo-9582555212500983629/api-patrol/db-prod.yml
2019-10-16 10:15:06.628  INFO 20032 --- [http-nio-17000-exec-2] o.s.c.c.s.e.NativeEnvironmentRepository  : Adding property source: file:/C:/Users/y14/AppData/Local/Temp/config-repo-9582555212500983629/api-patrol/api-patrol-prod.yml
2019-10-16 10:15:06.628  INFO 20032 --- [http-nio-17000-exec-2] o.s.c.c.s.e.NativeEnvironmentRepository  : Adding property source: file:/C:/Users/y14/AppData/Local/Temp/config-repo-9582555212500983629/config/common-prod.yml
2019-10-16 10:15:06.628  INFO 20032 --- [http-nio-17000-exec-2] o.s.c.c.s.e.NativeEnvironmentRepository  : Adding property source: file:/C:/Users/y14/AppData/Local/Temp/config-repo-9582555212500983629/api-patrol/db.yml
2019-10-16 10:15:06.628  INFO 20032 --- [http-nio-17000-exec-2] o.s.c.c.s.e.NativeEnvironmentRepository  : Adding property source: file:/C:/Users/y14/AppData/Local/Temp/config-repo-9582555212500983629/api-patrol/api-patrol.yml
2019-10-16 10:15:06.628  INFO 20032 --- [http-nio-17000-exec-2] o.s.c.c.s.e.NativeEnvironmentRepository  : Adding property source: file:/C:/Users/y14/AppData/Local/Temp/config-repo-9582555212500983629/config/mybatis.yml
2019-10-16 10:15:06.629  INFO 20032 --- [http-nio-17000-exec-2] o.s.c.c.s.e.NativeEnvironmentRepository  : Adding property source: file:/C:/Users/y14/AppData/Local/Temp/config-repo-9582555212500983629/config/common.yml
2019-10-16 10:15:06.629  INFO 20032 --- [http-nio-17000-exec-2] s.c.a.AnnotationConfigApplicationContext : Closing org.springframework.context.annotation.AnnotationConfigApplicationContext@13068536: startup date [Wed Oct 16 10:15:06 CST 2019]; root of context hierarchy
2019-10-16 10:15:19.945  INFO 20032 --- [http-nio-17000-exec-3] s.c.a.AnnotationConfigApplicationContext : Refreshing org.springframework.context.annotation.AnnotationConfigApplicationContext@a6b5214: startup date [Wed Oct 16 10:15:19 CST 2019]; root of context hierarchy
2019-10-16 10:15:19.949  INFO 20032 --- [http-nio-17000-exec-3] f.a.AutowiredAnnotationBeanPostProcessor : JSR-330 'javax.inject.Inject' annotation found and supported for autowiring
2019-10-16 10:15:19.972  INFO 20032 --- [http-nio-17000-exec-3] o.s.c.c.s.e.NativeEnvironmentRepository  : Adding property source: file:/C:/Users/y14/AppData/Local/Temp/config-repo-9582555212500983629/api-task/db-prod.yml
2019-10-16 10:15:19.972  INFO 20032 --- [http-nio-17000-exec-3] o.s.c.c.s.e.NativeEnvironmentRepository  : Adding property source: file:/C:/Users/y14/AppData/Local/Temp/config-repo-9582555212500983629/api-task/api-task-prod.yml
2019-10-16 10:15:19.972  INFO 20032 --- [http-nio-17000-exec-3] o.s.c.c.s.e.NativeEnvironmentRepository  : Adding property source: file:/C:/Users/y14/AppData/Local/Temp/config-repo-9582555212500983629/config/common-prod.yml
2019-10-16 10:15:19.972  INFO 20032 --- [http-nio-17000-exec-3] o.s.c.c.s.e.NativeEnvironmentRepository  : Adding property source: file:/C:/Users/y14/AppData/Local/Temp/config-repo-9582555212500983629/api-task/db.yml
2019-10-16 10:15:19.972  INFO 20032 --- [http-nio-17000-exec-3] o.s.c.c.s.e.NativeEnvironmentRepository  : Adding property source: file:/C:/Users/y14/AppData/Local/Temp/config-repo-9582555212500983629/api-task/api-task.yml
2019-10-16 10:15:19.972  INFO 20032 --- [http-nio-17000-exec-3] o.s.c.c.s.e.NativeEnvironmentRepository  : Adding property source: file:/C:/Users/y14/AppData/Local/Temp/config-repo-9582555212500983629/config/mybatis.yml
2019-10-16 10:15:19.973  INFO 20032 --- [http-nio-17000-exec-3] o.s.c.c.s.e.NativeEnvironmentRepository  : Adding property source: file:/C:/Users/y14/AppData/Local/Temp/config-repo-9582555212500983629/config/common.yml
2019-10-16 10:15:19.973  INFO 20032 --- [http-nio-17000-exec-3] s.c.a.AnnotationConfigApplicationContext : Closing org.springframework.context.annotation.AnnotationConfigApplicationContext@a6b5214: startup date [Wed Oct 16 10:15:19 CST 2019]; root of context hierarchy
2019-10-16 10:21:51.871  INFO 20032 --- [http-nio-17000-exec-5] s.c.a.AnnotationConfigApplicationContext : Refreshing org.springframework.context.annotation.AnnotationConfigApplicationContext@3022b327: startup date [Wed Oct 16 10:21:51 CST 2019]; root of context hierarchy
2019-10-16 10:21:51.875  INFO 20032 --- [http-nio-17000-exec-5] f.a.AutowiredAnnotationBeanPostProcessor : JSR-330 'javax.inject.Inject' annotation found and supported for autowiring
2019-10-16 10:21:51.896  INFO 20032 --- [http-nio-17000-exec-5] o.s.c.c.s.e.NativeEnvironmentRepository  : Adding property source: file:/C:/Users/y14/AppData/Local/Temp/config-repo-9582555212500983629/api-task/db-prod.yml
2019-10-16 10:21:51.897  INFO 20032 --- [http-nio-17000-exec-5] o.s.c.c.s.e.NativeEnvironmentRepository  : Adding property source: file:/C:/Users/y14/AppData/Local/Temp/config-repo-9582555212500983629/api-task/api-task-prod.yml
2019-10-16 10:21:51.897  INFO 20032 --- [http-nio-17000-exec-5] o.s.c.c.s.e.NativeEnvironmentRepository  : Adding property source: file:/C:/Users/y14/AppData/Local/Temp/config-repo-9582555212500983629/config/common-prod.yml
2019-10-16 10:21:51.897  INFO 20032 --- [http-nio-17000-exec-5] o.s.c.c.s.e.NativeEnvironmentRepository  : Adding property source: file:/C:/Users/y14/AppData/Local/Temp/config-repo-9582555212500983629/api-task/db.yml
2019-10-16 10:21:51.897  INFO 20032 --- [http-nio-17000-exec-5] o.s.c.c.s.e.NativeEnvironmentRepository  : Adding property source: file:/C:/Users/y14/AppData/Local/Temp/config-repo-9582555212500983629/api-task/api-task.yml
2019-10-16 10:21:51.897  INFO 20032 --- [http-nio-17000-exec-5] o.s.c.c.s.e.NativeEnvironmentRepository  : Adding property source: file:/C:/Users/y14/AppData/Local/Temp/config-repo-9582555212500983629/config/mybatis.yml
2019-10-16 10:21:51.897  INFO 20032 --- [http-nio-17000-exec-5] o.s.c.c.s.e.NativeEnvironmentRepository  : Adding property source: file:/C:/Users/y14/AppData/Local/Temp/config-repo-9582555212500983629/config/common.yml
2019-10-16 10:21:51.897  INFO 20032 --- [http-nio-17000-exec-5] s.c.a.AnnotationConfigApplicationContext : Closing org.springframework.context.annotation.AnnotationConfigApplicationContext@3022b327: startup date [Wed Oct 16 10:21:51 CST 2019]; root of context hierarchy
2019-10-16 10:22:07.038  INFO 20032 --- [http-nio-17000-exec-7] s.c.a.AnnotationConfigApplicationContext : Refreshing org.springframework.context.annotation.AnnotationConfigApplicationContext@52b4edea: startup date [Wed Oct 16 10:22:07 CST 2019]; root of context hierarchy
2019-10-16 10:22:07.042  INFO 20032 --- [http-nio-17000-exec-7] f.a.AutowiredAnnotationBeanPostProcessor : JSR-330 'javax.inject.Inject' annotation found and supported for autowiring
2019-10-16 10:22:07.066  INFO 20032 --- [http-nio-17000-exec-7] o.s.c.c.s.e.NativeEnvironmentRepository  : Adding property source: file:/C:/Users/y14/AppData/Local/Temp/config-repo-9582555212500983629/api-task/db-prod.yml
2019-10-16 10:22:07.066  INFO 20032 --- [http-nio-17000-exec-7] o.s.c.c.s.e.NativeEnvironmentRepository  : Adding property source: file:/C:/Users/y14/AppData/Local/Temp/config-repo-9582555212500983629/api-task/api-task-prod.yml
2019-10-16 10:22:07.066  INFO 20032 --- [http-nio-17000-exec-7] o.s.c.c.s.e.NativeEnvironmentRepository  : Adding property source: file:/C:/Users/y14/AppData/Local/Temp/config-repo-9582555212500983629/config/common-prod.yml
2019-10-16 10:22:07.066  INFO 20032 --- [http-nio-17000-exec-7] o.s.c.c.s.e.NativeEnvironmentRepository  : Adding property source: file:/C:/Users/y14/AppData/Local/Temp/config-repo-9582555212500983629/api-task/db.yml
2019-10-16 10:22:07.067  INFO 20032 --- [http-nio-17000-exec-7] o.s.c.c.s.e.NativeEnvironmentRepository  : Adding property source: file:/C:/Users/y14/AppData/Local/Temp/config-repo-9582555212500983629/api-task/api-task.yml
2019-10-16 10:22:07.067  INFO 20032 --- [http-nio-17000-exec-7] o.s.c.c.s.e.NativeEnvironmentRepository  : Adding property source: file:/C:/Users/y14/AppData/Local/Temp/config-repo-9582555212500983629/config/mybatis.yml
2019-10-16 10:22:07.067  INFO 20032 --- [http-nio-17000-exec-7] o.s.c.c.s.e.NativeEnvironmentRepository  : Adding property source: file:/C:/Users/y14/AppData/Local/Temp/config-repo-9582555212500983629/config/common.yml
2019-10-16 10:22:07.067  INFO 20032 --- [http-nio-17000-exec-7] s.c.a.AnnotationConfigApplicationContext : Closing org.springframework.context.annotation.AnnotationConfigApplicationContext@52b4edea: startup date [Wed Oct 16 10:22:07 CST 2019]; root of context hierarchy
2019-10-16 10:22:35.461  INFO 20032 --- [http-nio-17000-exec-8] s.c.a.AnnotationConfigApplicationContext : Refreshing org.springframework.context.annotation.AnnotationConfigApplicationContext@330b080a: startup date [Wed Oct 16 10:22:35 CST 2019]; root of context hierarchy
2019-10-16 10:22:35.465  INFO 20032 --- [http-nio-17000-exec-8] f.a.AutowiredAnnotationBeanPostProcessor : JSR-330 'javax.inject.Inject' annotation found and supported for autowiring
2019-10-16 10:22:35.487  INFO 20032 --- [http-nio-17000-exec-8] o.s.c.c.s.e.NativeEnvironmentRepository  : Adding property source: file:/C:/Users/y14/AppData/Local/Temp/config-repo-9582555212500983629/api-task/db-prod.yml
2019-10-16 10:22:35.487  INFO 20032 --- [http-nio-17000-exec-8] o.s.c.c.s.e.NativeEnvironmentRepository  : Adding property source: file:/C:/Users/y14/AppData/Local/Temp/config-repo-9582555212500983629/api-task/api-task-prod.yml
2019-10-16 10:22:35.487  INFO 20032 --- [http-nio-17000-exec-8] o.s.c.c.s.e.NativeEnvironmentRepository  : Adding property source: file:/C:/Users/y14/AppData/Local/Temp/config-repo-9582555212500983629/config/common-prod.yml
2019-10-16 10:22:35.487  INFO 20032 --- [http-nio-17000-exec-8] o.s.c.c.s.e.NativeEnvironmentRepository  : Adding property source: file:/C:/Users/y14/AppData/Local/Temp/config-repo-9582555212500983629/api-task/db.yml
2019-10-16 10:22:35.487  INFO 20032 --- [http-nio-17000-exec-8] o.s.c.c.s.e.NativeEnvironmentRepository  : Adding property source: file:/C:/Users/y14/AppData/Local/Temp/config-repo-9582555212500983629/api-task/api-task.yml
2019-10-16 10:22:35.487  INFO 20032 --- [http-nio-17000-exec-8] o.s.c.c.s.e.NativeEnvironmentRepository  : Adding property source: file:/C:/Users/y14/AppData/Local/Temp/config-repo-9582555212500983629/config/mybatis.yml
2019-10-16 10:22:35.487  INFO 20032 --- [http-nio-17000-exec-8] o.s.c.c.s.e.NativeEnvironmentRepository  : Adding property source: file:/C:/Users/y14/AppData/Local/Temp/config-repo-9582555212500983629/config/common.yml
2019-10-16 10:22:35.487  INFO 20032 --- [http-nio-17000-exec-8] s.c.a.AnnotationConfigApplicationContext : Closing org.springframework.context.annotation.AnnotationConfigApplicationContext@330b080a: startup date [Wed Oct 16 10:22:35 CST 2019]; root of context hierarchy
2019-10-16 10:24:14.357  INFO 20032 --- [http-nio-17000-exec-10] s.c.a.AnnotationConfigApplicationContext : Refreshing org.springframework.context.annotation.AnnotationConfigApplicationContext@5148b87e: startup date [Wed Oct 16 10:24:14 CST 2019]; root of context hierarchy
2019-10-16 10:24:14.360  INFO 20032 --- [http-nio-17000-exec-10] f.a.AutowiredAnnotationBeanPostProcessor : JSR-330 'javax.inject.Inject' annotation found and supported for autowiring
2019-10-16 10:24:14.382  INFO 20032 --- [http-nio-17000-exec-10] o.s.c.c.s.e.NativeEnvironmentRepository  : Adding property source: file:/C:/Users/y14/AppData/Local/Temp/config-repo-9582555212500983629/api-task/db-prod.yml
2019-10-16 10:24:14.382  INFO 20032 --- [http-nio-17000-exec-10] o.s.c.c.s.e.NativeEnvironmentRepository  : Adding property source: file:/C:/Users/y14/AppData/Local/Temp/config-repo-9582555212500983629/api-task/api-task-prod.yml
2019-10-16 10:24:14.383  INFO 20032 --- [http-nio-17000-exec-10] o.s.c.c.s.e.NativeEnvironmentRepository  : Adding property source: file:/C:/Users/y14/AppData/Local/Temp/config-repo-9582555212500983629/config/common-prod.yml
2019-10-16 10:24:14.383  INFO 20032 --- [http-nio-17000-exec-10] o.s.c.c.s.e.NativeEnvironmentRepository  : Adding property source: file:/C:/Users/y14/AppData/Local/Temp/config-repo-9582555212500983629/api-task/db.yml
2019-10-16 10:24:14.383  INFO 20032 --- [http-nio-17000-exec-10] o.s.c.c.s.e.NativeEnvironmentRepository  : Adding property source: file:/C:/Users/y14/AppData/Local/Temp/config-repo-9582555212500983629/api-task/api-task.yml
2019-10-16 10:24:14.383  INFO 20032 --- [http-nio-17000-exec-10] o.s.c.c.s.e.NativeEnvironmentRepository  : Adding property source: file:/C:/Users/y14/AppData/Local/Temp/config-repo-9582555212500983629/config/mybatis.yml
2019-10-16 10:24:14.383  INFO 20032 --- [http-nio-17000-exec-10] o.s.c.c.s.e.NativeEnvironmentRepository  : Adding property source: file:/C:/Users/y14/AppData/Local/Temp/config-repo-9582555212500983629/config/common.yml
2019-10-16 10:24:14.383  INFO 20032 --- [http-nio-17000-exec-10] s.c.a.AnnotationConfigApplicationContext : Closing org.springframework.context.annotation.AnnotationConfigApplicationContext@5148b87e: startup date [Wed Oct 16 10:24:14 CST 2019]; root of context hierarchy
2019-10-16 10:24:28.971  INFO 20032 --- [http-nio-17000-exec-2] s.c.a.AnnotationConfigApplicationContext : Refreshing org.springframework.context.annotation.AnnotationConfigApplicationContext@7d748d16: startup date [Wed Oct 16 10:24:28 CST 2019]; root of context hierarchy
2019-10-16 10:24:28.975  INFO 20032 --- [http-nio-17000-exec-2] f.a.AutowiredAnnotationBeanPostProcessor : JSR-330 'javax.inject.Inject' annotation found and supported for autowiring
2019-10-16 10:24:29.000  INFO 20032 --- [http-nio-17000-exec-2] o.s.c.c.s.e.NativeEnvironmentRepository  : Adding property source: file:/C:/Users/y14/AppData/Local/Temp/config-repo-9582555212500983629/api-task/db-prod.yml
2019-10-16 10:24:29.000  INFO 20032 --- [http-nio-17000-exec-2] o.s.c.c.s.e.NativeEnvironmentRepository  : Adding property source: file:/C:/Users/y14/AppData/Local/Temp/config-repo-9582555212500983629/api-task/api-task-prod.yml
2019-10-16 10:24:29.000  INFO 20032 --- [http-nio-17000-exec-2] o.s.c.c.s.e.NativeEnvironmentRepository  : Adding property source: file:/C:/Users/y14/AppData/Local/Temp/config-repo-9582555212500983629/config/common-prod.yml
2019-10-16 10:24:29.000  INFO 20032 --- [http-nio-17000-exec-2] o.s.c.c.s.e.NativeEnvironmentRepository  : Adding property source: file:/C:/Users/y14/AppData/Local/Temp/config-repo-9582555212500983629/api-task/db.yml
2019-10-16 10:24:29.000  INFO 20032 --- [http-nio-17000-exec-2] o.s.c.c.s.e.NativeEnvironmentRepository  : Adding property source: file:/C:/Users/y14/AppData/Local/Temp/config-repo-9582555212500983629/api-task/api-task.yml
2019-10-16 10:24:29.000  INFO 20032 --- [http-nio-17000-exec-2] o.s.c.c.s.e.NativeEnvironmentRepository  : Adding property source: file:/C:/Users/y14/AppData/Local/Temp/config-repo-9582555212500983629/config/mybatis.yml
2019-10-16 10:24:29.000  INFO 20032 --- [http-nio-17000-exec-2] o.s.c.c.s.e.NativeEnvironmentRepository  : Adding property source: file:/C:/Users/y14/AppData/Local/Temp/config-repo-9582555212500983629/config/common.yml
2019-10-16 10:24:29.000  INFO 20032 --- [http-nio-17000-exec-2] s.c.a.AnnotationConfigApplicationContext : Closing org.springframework.context.annotation.AnnotationConfigApplicationContext@7d748d16: startup date [Wed Oct 16 10:24:28 CST 2019]; root of context hierarchy
2019-10-16 10:31:57.477  INFO 20032 --- [http-nio-17000-exec-4] s.c.a.AnnotationConfigApplicationContext : Refreshing org.springframework.context.annotation.AnnotationConfigApplicationContext@2283b59f: startup date [Wed Oct 16 10:31:57 CST 2019]; root of context hierarchy
2019-10-16 10:31:57.483  INFO 20032 --- [http-nio-17000-exec-4] f.a.AutowiredAnnotationBeanPostProcessor : JSR-330 'javax.inject.Inject' annotation found and supported for autowiring
2019-10-16 10:31:57.513  INFO 20032 --- [http-nio-17000-exec-4] o.s.c.c.s.e.NativeEnvironmentRepository  : Adding property source: file:/C:/Users/y14/AppData/Local/Temp/config-repo-9582555212500983629/api-patrol/db-prod.yml
2019-10-16 10:31:57.514  INFO 20032 --- [http-nio-17000-exec-4] o.s.c.c.s.e.NativeEnvironmentRepository  : Adding property source: file:/C:/Users/y14/AppData/Local/Temp/config-repo-9582555212500983629/api-patrol/api-patrol-prod.yml
2019-10-16 10:31:57.514  INFO 20032 --- [http-nio-17000-exec-4] o.s.c.c.s.e.NativeEnvironmentRepository  : Adding property source: file:/C:/Users/y14/AppData/Local/Temp/config-repo-9582555212500983629/config/common-prod.yml
2019-10-16 10:31:57.516  INFO 20032 --- [http-nio-17000-exec-4] o.s.c.c.s.e.NativeEnvironmentRepository  : Adding property source: file:/C:/Users/y14/AppData/Local/Temp/config-repo-9582555212500983629/api-patrol/db.yml
2019-10-16 10:31:57.516  INFO 20032 --- [http-nio-17000-exec-4] o.s.c.c.s.e.NativeEnvironmentRepository  : Adding property source: file:/C:/Users/y14/AppData/Local/Temp/config-repo-9582555212500983629/api-patrol/api-patrol.yml
2019-10-16 10:31:57.516  INFO 20032 --- [http-nio-17000-exec-4] o.s.c.c.s.e.NativeEnvironmentRepository  : Adding property source: file:/C:/Users/y14/AppData/Local/Temp/config-repo-9582555212500983629/config/mybatis.yml
2019-10-16 10:31:57.516  INFO 20032 --- [http-nio-17000-exec-4] o.s.c.c.s.e.NativeEnvironmentRepository  : Adding property source: file:/C:/Users/y14/AppData/Local/Temp/config-repo-9582555212500983629/config/common.yml
2019-10-16 10:31:57.517  INFO 20032 --- [http-nio-17000-exec-4] s.c.a.AnnotationConfigApplicationContext : Closing org.springframework.context.annotation.AnnotationConfigApplicationContext@2283b59f: startup date [Wed Oct 16 10:31:57 CST 2019]; root of context hierarchy
2019-10-16 10:32:03.991  INFO 20032 --- [http-nio-17000-exec-5] s.c.a.AnnotationConfigApplicationContext : Refreshing org.springframework.context.annotation.AnnotationConfigApplicationContext@29344d66: startup date [Wed Oct 16 10:32:03 CST 2019]; root of context hierarchy
2019-10-16 10:32:03.995  INFO 20032 --- [http-nio-17000-exec-5] f.a.AutowiredAnnotationBeanPostProcessor : JSR-330 'javax.inject.Inject' annotation found and supported for autowiring
2019-10-16 10:32:04.018  INFO 20032 --- [http-nio-17000-exec-5] o.s.c.c.s.e.NativeEnvironmentRepository  : Adding property source: file:/C:/Users/y14/AppData/Local/Temp/config-repo-9582555212500983629/api-task/db-prod.yml
2019-10-16 10:32:04.018  INFO 20032 --- [http-nio-17000-exec-5] o.s.c.c.s.e.NativeEnvironmentRepository  : Adding property source: file:/C:/Users/y14/AppData/Local/Temp/config-repo-9582555212500983629/api-task/api-task-prod.yml
2019-10-16 10:32:04.018  INFO 20032 --- [http-nio-17000-exec-5] o.s.c.c.s.e.NativeEnvironmentRepository  : Adding property source: file:/C:/Users/y14/AppData/Local/Temp/config-repo-9582555212500983629/config/common-prod.yml
2019-10-16 10:32:04.018  INFO 20032 --- [http-nio-17000-exec-5] o.s.c.c.s.e.NativeEnvironmentRepository  : Adding property source: file:/C:/Users/y14/AppData/Local/Temp/config-repo-9582555212500983629/api-task/db.yml
2019-10-16 10:32:04.018  INFO 20032 --- [http-nio-17000-exec-5] o.s.c.c.s.e.NativeEnvironmentRepository  : Adding property source: file:/C:/Users/y14/AppData/Local/Temp/config-repo-9582555212500983629/api-task/api-task.yml
2019-10-16 10:32:04.018  INFO 20032 --- [http-nio-17000-exec-5] o.s.c.c.s.e.NativeEnvironmentRepository  : Adding property source: file:/C:/Users/y14/AppData/Local/Temp/config-repo-9582555212500983629/config/mybatis.yml
2019-10-16 10:32:04.018  INFO 20032 --- [http-nio-17000-exec-5] o.s.c.c.s.e.NativeEnvironmentRepository  : Adding property source: file:/C:/Users/y14/AppData/Local/Temp/config-repo-9582555212500983629/config/common.yml
2019-10-16 10:32:04.019  INFO 20032 --- [http-nio-17000-exec-5] s.c.a.AnnotationConfigApplicationContext : Closing org.springframework.context.annotation.AnnotationConfigApplicationContext@29344d66: startup date [Wed Oct 16 10:32:03 CST 2019]; root of context hierarchy
2019-10-16 10:32:17.122  INFO 20032 --- [http-nio-17000-exec-8] s.c.a.AnnotationConfigApplicationContext : Refreshing org.springframework.context.annotation.AnnotationConfigApplicationContext@328d72c4: startup date [Wed Oct 16 10:32:17 CST 2019]; root of context hierarchy
2019-10-16 10:32:17.126  INFO 20032 --- [http-nio-17000-exec-8] f.a.AutowiredAnnotationBeanPostProcessor : JSR-330 'javax.inject.Inject' annotation found and supported for autowiring
2019-10-16 10:32:17.164  INFO 20032 --- [http-nio-17000-exec-8] o.s.c.c.s.e.NativeEnvironmentRepository  : Adding property source: file:/C:/Users/y14/AppData/Local/Temp/config-repo-9582555212500983629/api-patrol/db-prod.yml
2019-10-16 10:32:17.164  INFO 20032 --- [http-nio-17000-exec-8] o.s.c.c.s.e.NativeEnvironmentRepository  : Adding property source: file:/C:/Users/y14/AppData/Local/Temp/config-repo-9582555212500983629/api-patrol/api-patrol-prod.yml
2019-10-16 10:32:17.164  INFO 20032 --- [http-nio-17000-exec-8] o.s.c.c.s.e.NativeEnvironmentRepository  : Adding property source: file:/C:/Users/y14/AppData/Local/Temp/config-repo-9582555212500983629/config/common-prod.yml
2019-10-16 10:32:17.164  INFO 20032 --- [http-nio-17000-exec-8] o.s.c.c.s.e.NativeEnvironmentRepository  : Adding property source: file:/C:/Users/y14/AppData/Local/Temp/config-repo-9582555212500983629/api-patrol/db.yml
2019-10-16 10:32:17.164  INFO 20032 --- [http-nio-17000-exec-8] o.s.c.c.s.e.NativeEnvironmentRepository  : Adding property source: file:/C:/Users/y14/AppData/Local/Temp/config-repo-9582555212500983629/api-patrol/api-patrol.yml
2019-10-16 10:32:17.165  INFO 20032 --- [http-nio-17000-exec-8] o.s.c.c.s.e.NativeEnvironmentRepository  : Adding property source: file:/C:/Users/y14/AppData/Local/Temp/config-repo-9582555212500983629/config/mybatis.yml
2019-10-16 10:32:17.165  INFO 20032 --- [http-nio-17000-exec-8] o.s.c.c.s.e.NativeEnvironmentRepository  : Adding property source: file:/C:/Users/y14/AppData/Local/Temp/config-repo-9582555212500983629/config/common.yml
2019-10-16 10:32:17.165  INFO 20032 --- [http-nio-17000-exec-8] s.c.a.AnnotationConfigApplicationContext : Closing org.springframework.context.annotation.AnnotationConfigApplicationContext@328d72c4: startup date [Wed Oct 16 10:32:17 CST 2019]; root of context hierarchy
2019-10-16 10:32:20.419  INFO 20032 --- [http-nio-17000-exec-9] s.c.a.AnnotationConfigApplicationContext : Refreshing org.springframework.context.annotation.AnnotationConfigApplicationContext@29349a77: startup date [Wed Oct 16 10:32:20 CST 2019]; root of context hierarchy
2019-10-16 10:32:20.422  INFO 20032 --- [http-nio-17000-exec-9] f.a.AutowiredAnnotationBeanPostProcessor : JSR-330 'javax.inject.Inject' annotation found and supported for autowiring
2019-10-16 10:32:20.445  INFO 20032 --- [http-nio-17000-exec-9] o.s.c.c.s.e.NativeEnvironmentRepository  : Adding property source: file:/C:/Users/y14/AppData/Local/Temp/config-repo-9582555212500983629/api-task/db-prod.yml
2019-10-16 10:32:20.445  INFO 20032 --- [http-nio-17000-exec-9] o.s.c.c.s.e.NativeEnvironmentRepository  : Adding property source: file:/C:/Users/y14/AppData/Local/Temp/config-repo-9582555212500983629/api-task/api-task-prod.yml
2019-10-16 10:32:20.445  INFO 20032 --- [http-nio-17000-exec-9] o.s.c.c.s.e.NativeEnvironmentRepository  : Adding property source: file:/C:/Users/y14/AppData/Local/Temp/config-repo-9582555212500983629/config/common-prod.yml
2019-10-16 10:32:20.445  INFO 20032 --- [http-nio-17000-exec-9] o.s.c.c.s.e.NativeEnvironmentRepository  : Adding property source: file:/C:/Users/y14/AppData/Local/Temp/config-repo-9582555212500983629/api-task/db.yml
2019-10-16 10:32:20.445  INFO 20032 --- [http-nio-17000-exec-9] o.s.c.c.s.e.NativeEnvironmentRepository  : Adding property source: file:/C:/Users/y14/AppData/Local/Temp/config-repo-9582555212500983629/api-task/api-task.yml
2019-10-16 10:32:20.445  INFO 20032 --- [http-nio-17000-exec-9] o.s.c.c.s.e.NativeEnvironmentRepository  : Adding property source: file:/C:/Users/y14/AppData/Local/Temp/config-repo-9582555212500983629/config/mybatis.yml
2019-10-16 10:32:20.446  INFO 20032 --- [http-nio-17000-exec-9] o.s.c.c.s.e.NativeEnvironmentRepository  : Adding property source: file:/C:/Users/y14/AppData/Local/Temp/config-repo-9582555212500983629/config/common.yml
2019-10-16 10:32:20.446  INFO 20032 --- [http-nio-17000-exec-9] s.c.a.AnnotationConfigApplicationContext : Closing org.springframework.context.annotation.AnnotationConfigApplicationContext@29349a77: startup date [Wed Oct 16 10:32:20 CST 2019]; root of context hierarchy
2019-10-16 10:35:53.148  INFO 20032 --- [http-nio-17000-exec-10] s.c.a.AnnotationConfigApplicationContext : Refreshing org.springframework.context.annotation.AnnotationConfigApplicationContext@215d1d97: startup date [Wed Oct 16 10:35:53 CST 2019]; root of context hierarchy
2019-10-16 10:35:53.154  INFO 20032 --- [http-nio-17000-exec-10] f.a.AutowiredAnnotationBeanPostProcessor : JSR-330 'javax.inject.Inject' annotation found and supported for autowiring
2019-10-16 10:35:53.204  INFO 20032 --- [http-nio-17000-exec-10] o.s.c.c.s.e.NativeEnvironmentRepository  : Adding property source: file:/C:/Users/y14/AppData/Local/Temp/config-repo-9582555212500983629/api-patrol/db-prod.yml
2019-10-16 10:35:53.205  INFO 20032 --- [http-nio-17000-exec-10] o.s.c.c.s.e.NativeEnvironmentRepository  : Adding property source: file:/C:/Users/y14/AppData/Local/Temp/config-repo-9582555212500983629/api-patrol/api-patrol-prod.yml
2019-10-16 10:35:53.205  INFO 20032 --- [http-nio-17000-exec-10] o.s.c.c.s.e.NativeEnvironmentRepository  : Adding property source: file:/C:/Users/y14/AppData/Local/Temp/config-repo-9582555212500983629/config/common-prod.yml
2019-10-16 10:35:53.205  INFO 20032 --- [http-nio-17000-exec-10] o.s.c.c.s.e.NativeEnvironmentRepository  : Adding property source: file:/C:/Users/y14/AppData/Local/Temp/config-repo-9582555212500983629/api-patrol/db.yml
2019-10-16 10:35:53.205  INFO 20032 --- [http-nio-17000-exec-10] o.s.c.c.s.e.NativeEnvironmentRepository  : Adding property source: file:/C:/Users/y14/AppData/Local/Temp/config-repo-9582555212500983629/api-patrol/api-patrol.yml
2019-10-16 10:35:53.205  INFO 20032 --- [http-nio-17000-exec-10] o.s.c.c.s.e.NativeEnvironmentRepository  : Adding property source: file:/C:/Users/y14/AppData/Local/Temp/config-repo-9582555212500983629/config/mybatis.yml
2019-10-16 10:35:53.205  INFO 20032 --- [http-nio-17000-exec-10] o.s.c.c.s.e.NativeEnvironmentRepository  : Adding property source: file:/C:/Users/y14/AppData/Local/Temp/config-repo-9582555212500983629/config/common.yml
2019-10-16 10:35:53.205  INFO 20032 --- [http-nio-17000-exec-10] s.c.a.AnnotationConfigApplicationContext : Closing org.springframework.context.annotation.AnnotationConfigApplicationContext@215d1d97: startup date [Wed Oct 16 10:35:53 CST 2019]; root of context hierarchy
2019-10-16 10:36:01.549  INFO 20032 --- [http-nio-17000-exec-2] s.c.a.AnnotationConfigApplicationContext : Refreshing org.springframework.context.annotation.AnnotationConfigApplicationContext@4d961575: startup date [Wed Oct 16 10:36:01 CST 2019]; root of context hierarchy
2019-10-16 10:36:01.554  INFO 20032 --- [http-nio-17000-exec-2] f.a.AutowiredAnnotationBeanPostProcessor : JSR-330 'javax.inject.Inject' annotation found and supported for autowiring
2019-10-16 10:36:01.579  INFO 20032 --- [http-nio-17000-exec-2] o.s.c.c.s.e.NativeEnvironmentRepository  : Adding property source: file:/C:/Users/y14/AppData/Local/Temp/config-repo-9582555212500983629/api-task/db-prod.yml
2019-10-16 10:36:01.579  INFO 20032 --- [http-nio-17000-exec-2] o.s.c.c.s.e.NativeEnvironmentRepository  : Adding property source: file:/C:/Users/y14/AppData/Local/Temp/config-repo-9582555212500983629/api-task/api-task-prod.yml
2019-10-16 10:36:01.579  INFO 20032 --- [http-nio-17000-exec-2] o.s.c.c.s.e.NativeEnvironmentRepository  : Adding property source: file:/C:/Users/y14/AppData/Local/Temp/config-repo-9582555212500983629/config/common-prod.yml
2019-10-16 10:36:01.579  INFO 20032 --- [http-nio-17000-exec-2] o.s.c.c.s.e.NativeEnvironmentRepository  : Adding property source: file:/C:/Users/y14/AppData/Local/Temp/config-repo-9582555212500983629/api-task/db.yml
2019-10-16 10:36:01.579  INFO 20032 --- [http-nio-17000-exec-2] o.s.c.c.s.e.NativeEnvironmentRepository  : Adding property source: file:/C:/Users/y14/AppData/Local/Temp/config-repo-9582555212500983629/api-task/api-task.yml
2019-10-16 10:36:01.579  INFO 20032 --- [http-nio-17000-exec-2] o.s.c.c.s.e.NativeEnvironmentRepository  : Adding property source: file:/C:/Users/y14/AppData/Local/Temp/config-repo-9582555212500983629/config/mybatis.yml
2019-10-16 10:36:01.579  INFO 20032 --- [http-nio-17000-exec-2] o.s.c.c.s.e.NativeEnvironmentRepository  : Adding property source: file:/C:/Users/y14/AppData/Local/Temp/config-repo-9582555212500983629/config/common.yml
2019-10-16 10:36:01.579  INFO 20032 --- [http-nio-17000-exec-2] s.c.a.AnnotationConfigApplicationContext : Closing org.springframework.context.annotation.AnnotationConfigApplicationContext@4d961575: startup date [Wed Oct 16 10:36:01 CST 2019]; root of context hierarchy
2019-10-16 10:36:11.964  INFO 20032 --- [http-nio-17000-exec-4] s.c.a.AnnotationConfigApplicationContext : Refreshing org.springframework.context.annotation.AnnotationConfigApplicationContext@599f0c7b: startup date [Wed Oct 16 10:36:11 CST 2019]; root of context hierarchy
2019-10-16 10:36:11.967  INFO 20032 --- [http-nio-17000-exec-4] f.a.AutowiredAnnotationBeanPostProcessor : JSR-330 'javax.inject.Inject' annotation found and supported for autowiring
2019-10-16 10:36:11.991  INFO 20032 --- [http-nio-17000-exec-4] o.s.c.c.s.e.NativeEnvironmentRepository  : Adding property source: file:/C:/Users/y14/AppData/Local/Temp/config-repo-9582555212500983629/api-patrol/db-prod.yml
2019-10-16 10:36:11.991  INFO 20032 --- [http-nio-17000-exec-4] o.s.c.c.s.e.NativeEnvironmentRepository  : Adding property source: file:/C:/Users/y14/AppData/Local/Temp/config-repo-9582555212500983629/api-patrol/api-patrol-prod.yml
2019-10-16 10:36:11.991  INFO 20032 --- [http-nio-17000-exec-4] o.s.c.c.s.e.NativeEnvironmentRepository  : Adding property source: file:/C:/Users/y14/AppData/Local/Temp/config-repo-9582555212500983629/config/common-prod.yml
2019-10-16 10:36:11.991  INFO 20032 --- [http-nio-17000-exec-4] o.s.c.c.s.e.NativeEnvironmentRepository  : Adding property source: file:/C:/Users/y14/AppData/Local/Temp/config-repo-9582555212500983629/api-patrol/db.yml
2019-10-16 10:36:11.991  INFO 20032 --- [http-nio-17000-exec-4] o.s.c.c.s.e.NativeEnvironmentRepository  : Adding property source: file:/C:/Users/y14/AppData/Local/Temp/config-repo-9582555212500983629/api-patrol/api-patrol.yml
2019-10-16 10:36:11.991  INFO 20032 --- [http-nio-17000-exec-4] o.s.c.c.s.e.NativeEnvironmentRepository  : Adding property source: file:/C:/Users/y14/AppData/Local/Temp/config-repo-9582555212500983629/config/mybatis.yml
2019-10-16 10:36:11.991  INFO 20032 --- [http-nio-17000-exec-4] o.s.c.c.s.e.NativeEnvironmentRepository  : Adding property source: file:/C:/Users/y14/AppData/Local/Temp/config-repo-9582555212500983629/config/common.yml
2019-10-16 10:36:11.991  INFO 20032 --- [http-nio-17000-exec-4] s.c.a.AnnotationConfigApplicationContext : Closing org.springframework.context.annotation.AnnotationConfigApplicationContext@599f0c7b: startup date [Wed Oct 16 10:36:11 CST 2019]; root of context hierarchy
2019-10-16 10:36:17.144  INFO 20032 --- [http-nio-17000-exec-5] s.c.a.AnnotationConfigApplicationContext : Refreshing org.springframework.context.annotation.AnnotationConfigApplicationContext@fe69e19: startup date [Wed Oct 16 10:36:17 CST 2019]; root of context hierarchy
2019-10-16 10:36:17.148  INFO 20032 --- [http-nio-17000-exec-5] f.a.AutowiredAnnotationBeanPostProcessor : JSR-330 'javax.inject.Inject' annotation found and supported for autowiring
2019-10-16 10:36:17.170  INFO 20032 --- [http-nio-17000-exec-5] o.s.c.c.s.e.NativeEnvironmentRepository  : Adding property source: file:/C:/Users/y14/AppData/Local/Temp/config-repo-9582555212500983629/api-task/db-prod.yml
2019-10-16 10:36:17.171  INFO 20032 --- [http-nio-17000-exec-5] o.s.c.c.s.e.NativeEnvironmentRepository  : Adding property source: file:/C:/Users/y14/AppData/Local/Temp/config-repo-9582555212500983629/api-task/api-task-prod.yml
2019-10-16 10:36:17.171  INFO 20032 --- [http-nio-17000-exec-5] o.s.c.c.s.e.NativeEnvironmentRepository  : Adding property source: file:/C:/Users/y14/AppData/Local/Temp/config-repo-9582555212500983629/config/common-prod.yml
2019-10-16 10:36:17.171  INFO 20032 --- [http-nio-17000-exec-5] o.s.c.c.s.e.NativeEnvironmentRepository  : Adding property source: file:/C:/Users/y14/AppData/Local/Temp/config-repo-9582555212500983629/api-task/db.yml
2019-10-16 10:36:17.171  INFO 20032 --- [http-nio-17000-exec-5] o.s.c.c.s.e.NativeEnvironmentRepository  : Adding property source: file:/C:/Users/y14/AppData/Local/Temp/config-repo-9582555212500983629/api-task/api-task.yml
2019-10-16 10:36:17.171  INFO 20032 --- [http-nio-17000-exec-5] o.s.c.c.s.e.NativeEnvironmentRepository  : Adding property source: file:/C:/Users/y14/AppData/Local/Temp/config-repo-9582555212500983629/config/mybatis.yml
2019-10-16 10:36:17.171  INFO 20032 --- [http-nio-17000-exec-5] o.s.c.c.s.e.NativeEnvironmentRepository  : Adding property source: file:/C:/Users/y14/AppData/Local/Temp/config-repo-9582555212500983629/config/common.yml
2019-10-16 10:36:17.171  INFO 20032 --- [http-nio-17000-exec-5] s.c.a.AnnotationConfigApplicationContext : Closing org.springframework.context.annotation.AnnotationConfigApplicationContext@fe69e19: startup date [Wed Oct 16 10:36:17 CST 2019]; root of context hierarchy
2019-10-16 10:38:29.632  INFO 20032 --- [http-nio-17000-exec-7] s.c.a.AnnotationConfigApplicationContext : Refreshing org.springframework.context.annotation.AnnotationConfigApplicationContext@6bd74775: startup date [Wed Oct 16 10:38:29 CST 2019]; root of context hierarchy
2019-10-16 10:38:29.637  INFO 20032 --- [http-nio-17000-exec-7] f.a.AutowiredAnnotationBeanPostProcessor : JSR-330 'javax.inject.Inject' annotation found and supported for autowiring
2019-10-16 10:38:29.664  INFO 20032 --- [http-nio-17000-exec-7] o.s.c.c.s.e.NativeEnvironmentRepository  : Adding property source: file:/C:/Users/y14/AppData/Local/Temp/config-repo-9582555212500983629/api-patrol/db-prod.yml
2019-10-16 10:38:29.664  INFO 20032 --- [http-nio-17000-exec-7] o.s.c.c.s.e.NativeEnvironmentRepository  : Adding property source: file:/C:/Users/y14/AppData/Local/Temp/config-repo-9582555212500983629/api-patrol/api-patrol-prod.yml
2019-10-16 10:38:29.664  INFO 20032 --- [http-nio-17000-exec-7] o.s.c.c.s.e.NativeEnvironmentRepository  : Adding property source: file:/C:/Users/y14/AppData/Local/Temp/config-repo-9582555212500983629/config/common-prod.yml
2019-10-16 10:38:29.664  INFO 20032 --- [http-nio-17000-exec-7] o.s.c.c.s.e.NativeEnvironmentRepository  : Adding property source: file:/C:/Users/y14/AppData/Local/Temp/config-repo-9582555212500983629/api-patrol/db.yml
2019-10-16 10:38:29.664  INFO 20032 --- [http-nio-17000-exec-7] o.s.c.c.s.e.NativeEnvironmentRepository  : Adding property source: file:/C:/Users/y14/AppData/Local/Temp/config-repo-9582555212500983629/api-patrol/api-patrol.yml
2019-10-16 10:38:29.665  INFO 20032 --- [http-nio-17000-exec-7] o.s.c.c.s.e.NativeEnvironmentRepository  : Adding property source: file:/C:/Users/y14/AppData/Local/Temp/config-repo-9582555212500983629/config/mybatis.yml
2019-10-16 10:38:29.665  INFO 20032 --- [http-nio-17000-exec-7] o.s.c.c.s.e.NativeEnvironmentRepository  : Adding property source: file:/C:/Users/y14/AppData/Local/Temp/config-repo-9582555212500983629/config/common.yml
2019-10-16 10:38:29.665  INFO 20032 --- [http-nio-17000-exec-7] s.c.a.AnnotationConfigApplicationContext : Closing org.springframework.context.annotation.AnnotationConfigApplicationContext@6bd74775: startup date [Wed Oct 16 10:38:29 CST 2019]; root of context hierarchy
2019-10-16 10:38:32.778  INFO 20032 --- [http-nio-17000-exec-8] s.c.a.AnnotationConfigApplicationContext : Refreshing org.springframework.context.annotation.AnnotationConfigApplicationContext@44ffc03e: startup date [Wed Oct 16 10:38:32 CST 2019]; root of context hierarchy
2019-10-16 10:38:32.781  INFO 20032 --- [http-nio-17000-exec-8] f.a.AutowiredAnnotationBeanPostProcessor : JSR-330 'javax.inject.Inject' annotation found and supported for autowiring
2019-10-16 10:38:32.803  INFO 20032 --- [http-nio-17000-exec-8] o.s.c.c.s.e.NativeEnvironmentRepository  : Adding property source: file:/C:/Users/y14/AppData/Local/Temp/config-repo-9582555212500983629/api-task/db-prod.yml
2019-10-16 10:38:32.803  INFO 20032 --- [http-nio-17000-exec-8] o.s.c.c.s.e.NativeEnvironmentRepository  : Adding property source: file:/C:/Users/y14/AppData/Local/Temp/config-repo-9582555212500983629/api-task/api-task-prod.yml
2019-10-16 10:38:32.803  INFO 20032 --- [http-nio-17000-exec-8] o.s.c.c.s.e.NativeEnvironmentRepository  : Adding property source: file:/C:/Users/y14/AppData/Local/Temp/config-repo-9582555212500983629/config/common-prod.yml
2019-10-16 10:38:32.803  INFO 20032 --- [http-nio-17000-exec-8] o.s.c.c.s.e.NativeEnvironmentRepository  : Adding property source: file:/C:/Users/y14/AppData/Local/Temp/config-repo-9582555212500983629/api-task/db.yml
2019-10-16 10:38:32.803  INFO 20032 --- [http-nio-17000-exec-8] o.s.c.c.s.e.NativeEnvironmentRepository  : Adding property source: file:/C:/Users/y14/AppData/Local/Temp/config-repo-9582555212500983629/api-task/api-task.yml
2019-10-16 10:38:32.803  INFO 20032 --- [http-nio-17000-exec-8] o.s.c.c.s.e.NativeEnvironmentRepository  : Adding property source: file:/C:/Users/y14/AppData/Local/Temp/config-repo-9582555212500983629/config/mybatis.yml
2019-10-16 10:38:32.803  INFO 20032 --- [http-nio-17000-exec-8] o.s.c.c.s.e.NativeEnvironmentRepository  : Adding property source: file:/C:/Users/y14/AppData/Local/Temp/config-repo-9582555212500983629/config/common.yml
2019-10-16 10:38:32.803  INFO 20032 --- [http-nio-17000-exec-8] s.c.a.AnnotationConfigApplicationContext : Closing org.springframework.context.annotation.AnnotationConfigApplicationContext@44ffc03e: startup date [Wed Oct 16 10:38:32 CST 2019]; root of context hierarchy
2019-10-16 10:38:46.648  INFO 20032 --- [http-nio-17000-exec-1] s.c.a.AnnotationConfigApplicationContext : Refreshing org.springframework.context.annotation.AnnotationConfigApplicationContext@756b8191: startup date [Wed Oct 16 10:38:46 CST 2019]; root of context hierarchy
2019-10-16 10:38:46.653  INFO 20032 --- [http-nio-17000-exec-1] f.a.AutowiredAnnotationBeanPostProcessor : JSR-330 'javax.inject.Inject' annotation found and supported for autowiring
2019-10-16 10:38:46.680  INFO 20032 --- [http-nio-17000-exec-1] o.s.c.c.s.e.NativeEnvironmentRepository  : Adding property source: file:/C:/Users/y14/AppData/Local/Temp/config-repo-9582555212500983629/api-patrol/db-prod.yml
2019-10-16 10:38:46.680  INFO 20032 --- [http-nio-17000-exec-1] o.s.c.c.s.e.NativeEnvironmentRepository  : Adding property source: file:/C:/Users/y14/AppData/Local/Temp/config-repo-9582555212500983629/api-patrol/api-patrol-prod.yml
2019-10-16 10:38:46.680  INFO 20032 --- [http-nio-17000-exec-1] o.s.c.c.s.e.NativeEnvironmentRepository  : Adding property source: file:/C:/Users/y14/AppData/Local/Temp/config-repo-9582555212500983629/config/common-prod.yml
2019-10-16 10:38:46.681  INFO 20032 --- [http-nio-17000-exec-1] o.s.c.c.s.e.NativeEnvironmentRepository  : Adding property source: file:/C:/Users/y14/AppData/Local/Temp/config-repo-9582555212500983629/api-patrol/db.yml
2019-10-16 10:38:46.681  INFO 20032 --- [http-nio-17000-exec-1] o.s.c.c.s.e.NativeEnvironmentRepository  : Adding property source: file:/C:/Users/y14/AppData/Local/Temp/config-repo-9582555212500983629/api-patrol/api-patrol.yml
2019-10-16 10:38:46.681  INFO 20032 --- [http-nio-17000-exec-1] o.s.c.c.s.e.NativeEnvironmentRepository  : Adding property source: file:/C:/Users/y14/AppData/Local/Temp/config-repo-9582555212500983629/config/mybatis.yml
2019-10-16 10:38:46.681  INFO 20032 --- [http-nio-17000-exec-1] o.s.c.c.s.e.NativeEnvironmentRepository  : Adding property source: file:/C:/Users/y14/AppData/Local/Temp/config-repo-9582555212500983629/config/common.yml
2019-10-16 10:38:46.681  INFO 20032 --- [http-nio-17000-exec-1] s.c.a.AnnotationConfigApplicationContext : Closing org.springframework.context.annotation.AnnotationConfigApplicationContext@756b8191: startup date [Wed Oct 16 10:38:46 CST 2019]; root of context hierarchy
2019-10-16 10:38:48.874  INFO 20032 --- [http-nio-17000-exec-2] s.c.a.AnnotationConfigApplicationContext : Refreshing org.springframework.context.annotation.AnnotationConfigApplicationContext@53f2387d: startup date [Wed Oct 16 10:38:48 CST 2019]; root of context hierarchy
2019-10-16 10:38:48.878  INFO 20032 --- [http-nio-17000-exec-2] f.a.AutowiredAnnotationBeanPostProcessor : JSR-330 'javax.inject.Inject' annotation found and supported for autowiring
2019-10-16 10:38:48.899  INFO 20032 --- [http-nio-17000-exec-2] o.s.c.c.s.e.NativeEnvironmentRepository  : Adding property source: file:/C:/Users/y14/AppData/Local/Temp/config-repo-9582555212500983629/api-task/db-prod.yml
2019-10-16 10:38:48.899  INFO 20032 --- [http-nio-17000-exec-2] o.s.c.c.s.e.NativeEnvironmentRepository  : Adding property source: file:/C:/Users/y14/AppData/Local/Temp/config-repo-9582555212500983629/api-task/api-task-prod.yml
2019-10-16 10:38:48.899  INFO 20032 --- [http-nio-17000-exec-2] o.s.c.c.s.e.NativeEnvironmentRepository  : Adding property source: file:/C:/Users/y14/AppData/Local/Temp/config-repo-9582555212500983629/config/common-prod.yml
2019-10-16 10:38:48.900  INFO 20032 --- [http-nio-17000-exec-2] o.s.c.c.s.e.NativeEnvironmentRepository  : Adding property source: file:/C:/Users/y14/AppData/Local/Temp/config-repo-9582555212500983629/api-task/db.yml
2019-10-16 10:38:48.900  INFO 20032 --- [http-nio-17000-exec-2] o.s.c.c.s.e.NativeEnvironmentRepository  : Adding property source: file:/C:/Users/y14/AppData/Local/Temp/config-repo-9582555212500983629/api-task/api-task.yml
2019-10-16 10:38:48.900  INFO 20032 --- [http-nio-17000-exec-2] o.s.c.c.s.e.NativeEnvironmentRepository  : Adding property source: file:/C:/Users/y14/AppData/Local/Temp/config-repo-9582555212500983629/config/mybatis.yml
2019-10-16 10:38:48.900  INFO 20032 --- [http-nio-17000-exec-2] o.s.c.c.s.e.NativeEnvironmentRepository  : Adding property source: file:/C:/Users/y14/AppData/Local/Temp/config-repo-9582555212500983629/config/common.yml
2019-10-16 10:38:48.900  INFO 20032 --- [http-nio-17000-exec-2] s.c.a.AnnotationConfigApplicationContext : Closing org.springframework.context.annotation.AnnotationConfigApplicationContext@53f2387d: startup date [Wed Oct 16 10:38:48 CST 2019]; root of context hierarchy
2019-10-16 11:11:57.974  INFO 20032 --- [Thread-5] ationConfigEmbeddedWebApplicationContext : Closing org.springframework.boot.context.embedded.AnnotationConfigEmbeddedWebApplicationContext@39e43310: startup date [Wed Oct 16 10:13:43 CST 2019]; parent: org.springframework.context.annotation.AnnotationConfigApplicationContext@42f33b5d
2019-10-16 11:11:57.994  INFO 20032 --- [Thread-5] o.s.c.support.DefaultLifecycleProcessor  : Stopping beans in phase 0
2019-10-16 11:11:58.007  INFO 20032 --- [Thread-5] o.s.j.e.a.AnnotationMBeanExporter        : Unregistering JMX-exposed beans on shutdown
2019-10-16 11:11:58.007  INFO 20032 --- [Thread-5] o.s.j.e.a.AnnotationMBeanExporter        : Unregistering JMX-exposed beans
