2019-10-16 10:12:29.693  INFO 19364 --- [main] c.c.c.ConfigServicePropertySourceLocator : Fetching config from server at: http://config-center:17000
2019-10-16 10:12:30.858  WARN 19364 --- [main] c.c.c.ConfigServicePropertySourceLocator : Could not locate PropertySource: I/O error on GET request for "http://config-center:17000/common/prod/master": Connection refused: connect; nested exception is java.net.ConnectException: Connection refused: connect
2019-10-16 10:12:30.859  INFO 19364 --- [main] com.env.eureka.EurekaApplication         : The following profiles are active: base-eureka,base,prod
2019-10-16 10:12:30.869  INFO 19364 --- [main] ationConfigEmbeddedWebApplicationContext : Refreshing org.springframework.boot.context.embedded.AnnotationConfigEmbeddedWebApplicationContext@3a230001: startup date [Wed Oct 16 10:12:30 CST 2019]; parent: org.springframework.context.annotation.AnnotationConfigApplicationContext@439a8f59
2019-10-16 10:12:31.586  INFO 19364 --- [main] o.s.cloud.context.scope.GenericScope     : BeanFactory id=bbab789e-48a0-3eef-8bfa-5c26c74ea08b
2019-10-16 10:12:31.598  INFO 19364 --- [main] f.a.AutowiredAnnotationBeanPostProcessor : JSR-330 'javax.inject.Inject' annotation found and supported for autowiring
2019-10-16 10:12:31.645  INFO 19364 --- [main] trationDelegate$BeanPostProcessorChecker : Bean 'org.springframework.cloud.netflix.metrics.MetricsInterceptorConfiguration$MetricsRestTemplateConfiguration' of type [org.springframework.cloud.netflix.metrics.MetricsInterceptorConfiguration$MetricsRestTemplateConfiguration$$EnhancerBySpringCGLIB$$ff1926cf] is not eligible for getting processed by all BeanPostProcessors (for example: not eligible for auto-proxying)
2019-10-16 10:12:31.653  INFO 19364 --- [main] trationDelegate$BeanPostProcessorChecker : Bean 'org.springframework.cloud.autoconfigure.ConfigurationPropertiesRebinderAutoConfiguration' of type [org.springframework.cloud.autoconfigure.ConfigurationPropertiesRebinderAutoConfiguration$$EnhancerBySpringCGLIB$$e906838b] is not eligible for getting processed by all BeanPostProcessors (for example: not eligible for auto-proxying)
2019-10-16 10:12:31.919  INFO 19364 --- [main] s.b.c.e.t.TomcatEmbeddedServletContainer : Tomcat initialized with port(s): 8761 (http)
2019-10-16 10:12:31.927  INFO 19364 --- [main] o.apache.catalina.core.StandardService   : Starting service [Tomcat]
2019-10-16 10:12:31.928  INFO 19364 --- [main] org.apache.catalina.core.StandardEngine  : Starting Servlet Engine: Apache Tomcat/8.5.20
2019-10-16 10:12:32.009  INFO 19364 --- [localhost-startStop-1] o.a.c.c.C.[Tomcat].[localhost].[/]       : Initializing Spring embedded WebApplicationContext
2019-10-16 10:12:32.010  INFO 19364 --- [localhost-startStop-1] o.s.web.context.ContextLoader            : Root WebApplicationContext: initialization completed in 1141 ms
2019-10-16 10:12:32.531  INFO 19364 --- [localhost-startStop-1] o.s.b.w.servlet.FilterRegistrationBean   : Mapping filter: 'metricsFilter' to: [/*]
2019-10-16 10:12:32.531  INFO 19364 --- [localhost-startStop-1] o.s.b.w.servlet.FilterRegistrationBean   : Mapping filter: 'characterEncodingFilter' to: [/*]
2019-10-16 10:12:32.531  INFO 19364 --- [localhost-startStop-1] o.s.b.w.servlet.FilterRegistrationBean   : Mapping filter: 'hiddenHttpMethodFilter' to: [/*]
2019-10-16 10:12:32.531  INFO 19364 --- [localhost-startStop-1] o.s.b.w.servlet.FilterRegistrationBean   : Mapping filter: 'httpPutFormContentFilter' to: [/*]
2019-10-16 10:12:32.532  INFO 19364 --- [localhost-startStop-1] o.s.b.w.servlet.FilterRegistrationBean   : Mapping filter: 'requestContextFilter' to: [/*]
2019-10-16 10:12:32.533  INFO 19364 --- [localhost-startStop-1] .s.DelegatingFilterProxyRegistrationBean : Mapping filter: 'springSecurityFilterChain' to: [/*]
2019-10-16 10:12:32.534  INFO 19364 --- [localhost-startStop-1] o.s.b.w.servlet.FilterRegistrationBean   : Mapping filter: 'webRequestTraceFilter' to: [/*]
2019-10-16 10:12:32.534  INFO 19364 --- [localhost-startStop-1] o.s.b.w.servlet.FilterRegistrationBean   : Mapping filter: 'servletContainer' to urls: [/eureka/*]
2019-10-16 10:12:32.535  INFO 19364 --- [localhost-startStop-1] o.s.b.w.servlet.FilterRegistrationBean   : Mapping filter: 'applicationContextIdFilter' to: [/*]
2019-10-16 10:12:32.535  INFO 19364 --- [localhost-startStop-1] o.s.b.w.servlet.ServletRegistrationBean  : Mapping servlet: 'dispatcherServlet' to [/]
2019-10-16 10:12:32.590  INFO 19364 --- [localhost-startStop-1] c.s.j.s.i.a.WebApplicationImpl           : Initiating Jersey application, version 'Jersey: 1.19.1 03/11/2016 02:08 PM'
2019-10-16 10:12:32.648  INFO 19364 --- [localhost-startStop-1] c.n.d.provider.DiscoveryJerseyProvider   : Using JSON encoding codec LegacyJacksonJson
2019-10-16 10:12:32.648  INFO 19364 --- [localhost-startStop-1] c.n.d.provider.DiscoveryJerseyProvider   : Using JSON decoding codec LegacyJacksonJson
2019-10-16 10:12:32.716  INFO 19364 --- [localhost-startStop-1] c.n.d.provider.DiscoveryJerseyProvider   : Using XML encoding codec XStreamXml
2019-10-16 10:12:32.716  INFO 19364 --- [localhost-startStop-1] c.n.d.provider.DiscoveryJerseyProvider   : Using XML decoding codec XStreamXml
2019-10-16 10:12:33.563  INFO 19364 --- [main] s.w.s.m.m.a.RequestMappingHandlerAdapter : Looking for @ControllerAdvice: org.springframework.boot.context.embedded.AnnotationConfigEmbeddedWebApplicationContext@3a230001: startup date [Wed Oct 16 10:12:30 CST 2019]; parent: org.springframework.context.annotation.AnnotationConfigApplicationContext@439a8f59
2019-10-16 10:12:33.632  INFO 19364 --- [main] s.w.s.m.m.a.RequestMappingHandlerMapping : Mapped "{[/error],produces=[text/html]}" onto public org.springframework.web.servlet.ModelAndView org.springframework.boot.autoconfigure.web.BasicErrorController.errorHtml(javax.servlet.http.HttpServletRequest,javax.servlet.http.HttpServletResponse)
2019-10-16 10:12:33.633  INFO 19364 --- [main] s.w.s.m.m.a.RequestMappingHandlerMapping : Mapped "{[/error]}" onto public org.springframework.http.ResponseEntity<java.util.Map<java.lang.String, java.lang.Object>> org.springframework.boot.autoconfigure.web.BasicErrorController.error(javax.servlet.http.HttpServletRequest)
2019-10-16 10:12:33.637  INFO 19364 --- [main] s.w.s.m.m.a.RequestMappingHandlerMapping : Mapped "{[/lastn],methods=[GET]}" onto public java.lang.String org.springframework.cloud.netflix.eureka.server.EurekaController.lastn(javax.servlet.http.HttpServletRequest,java.util.Map<java.lang.String, java.lang.Object>)
2019-10-16 10:12:33.637  INFO 19364 --- [main] s.w.s.m.m.a.RequestMappingHandlerMapping : Mapped "{[/],methods=[GET]}" onto public java.lang.String org.springframework.cloud.netflix.eureka.server.EurekaController.status(javax.servlet.http.HttpServletRequest,java.util.Map<java.lang.String, java.lang.Object>)
2019-10-16 10:12:33.664  INFO 19364 --- [main] o.s.w.s.handler.SimpleUrlHandlerMapping  : Mapped URL path [/webjars/**] onto handler of type [class org.springframework.web.servlet.resource.ResourceHttpRequestHandler]
2019-10-16 10:12:33.665  INFO 19364 --- [main] o.s.w.s.handler.SimpleUrlHandlerMapping  : Mapped URL path [/**] onto handler of type [class org.springframework.web.servlet.resource.ResourceHttpRequestHandler]
2019-10-16 10:12:34.031  INFO 19364 --- [main] o.s.s.web.DefaultSecurityFilterChain     : Creating filter chain: OrRequestMatcher [requestMatchers=[Ant [pattern='/css/**'], Ant [pattern='/js/**'], Ant [pattern='/images/**'], Ant [pattern='/webjars/**'], Ant [pattern='/**/favicon.ico'], Ant [pattern='/error']]], []
2019-10-16 10:12:34.339  INFO 19364 --- [main] o.s.b.a.e.mvc.EndpointHandlerMapping     : Mapped "{[/sys/monitor/info || /sys/monitor/info.json],methods=[GET],produces=[application/vnd.spring-boot.actuator.v1+json || application/json]}" onto public java.lang.Object org.springframework.boot.actuate.endpoint.mvc.EndpointMvcAdapter.invoke()
2019-10-16 10:12:34.339  INFO 19364 --- [main] o.s.b.a.e.mvc.EndpointHandlerMapping     : Mapped "{[/sys/monitor/dump || /sys/monitor/dump.json],methods=[GET],produces=[application/vnd.spring-boot.actuator.v1+json || application/json]}" onto public java.lang.Object org.springframework.boot.actuate.endpoint.mvc.EndpointMvcAdapter.invoke()
2019-10-16 10:12:34.340  INFO 19364 --- [main] o.s.b.a.e.mvc.EndpointHandlerMapping     : Mapped "{[/sys/monitor/archaius || /sys/monitor/archaius.json],methods=[GET],produces=[application/vnd.spring-boot.actuator.v1+json || application/json]}" onto public java.lang.Object org.springframework.boot.actuate.endpoint.mvc.EndpointMvcAdapter.invoke()
2019-10-16 10:12:34.341  INFO 19364 --- [main] o.s.b.a.e.mvc.EndpointHandlerMapping     : Mapped "{[/sys/monitor/logfile || /sys/monitor/logfile.json],methods=[GET || HEAD]}" onto public void org.springframework.boot.actuate.endpoint.mvc.LogFileMvcEndpoint.invoke(javax.servlet.http.HttpServletRequest,javax.servlet.http.HttpServletResponse) throws javax.servlet.ServletException,java.io.IOException
2019-10-16 10:12:34.342  INFO 19364 --- [main] o.s.b.a.e.mvc.EndpointHandlerMapping     : Mapped "{[/sys/monitor/auditevents || /sys/monitor/auditevents.json],methods=[GET],produces=[application/vnd.spring-boot.actuator.v1+json || application/json]}" onto public org.springframework.http.ResponseEntity<?> org.springframework.boot.actuate.endpoint.mvc.AuditEventsMvcEndpoint.findByPrincipalAndAfterAndType(java.lang.String,java.util.Date,java.lang.String)
2019-10-16 10:12:34.343  INFO 19364 --- [main] o.s.b.a.e.mvc.EndpointHandlerMapping     : Mapped "{[/sys/monitor/autoconfig || /sys/monitor/autoconfig.json],methods=[GET],produces=[application/vnd.spring-boot.actuator.v1+json || application/json]}" onto public java.lang.Object org.springframework.boot.actuate.endpoint.mvc.EndpointMvcAdapter.invoke()
2019-10-16 10:12:34.343  INFO 19364 --- [main] o.s.b.a.e.mvc.EndpointHandlerMapping     : Mapped "{[/sys/monitor/beans || /sys/monitor/beans.json],methods=[GET],produces=[application/vnd.spring-boot.actuator.v1+json || application/json]}" onto public java.lang.Object org.springframework.boot.actuate.endpoint.mvc.EndpointMvcAdapter.invoke()
2019-10-16 10:12:34.345  INFO 19364 --- [main] o.s.b.a.e.mvc.EndpointHandlerMapping     : Mapped "{[/sys/monitor/features || /sys/monitor/features.json],methods=[GET],produces=[application/vnd.spring-boot.actuator.v1+json || application/json]}" onto public java.lang.Object org.springframework.boot.actuate.endpoint.mvc.EndpointMvcAdapter.invoke()
2019-10-16 10:12:34.346  INFO 19364 --- [main] o.s.b.a.e.mvc.EndpointHandlerMapping     : Mapped "{[/sys/monitor/resume || /sys/monitor/resume.json],methods=[POST]}" onto public java.lang.Object org.springframework.cloud.endpoint.GenericPostableMvcEndpoint.invoke()
2019-10-16 10:12:34.346  INFO 19364 --- [main] o.s.b.a.e.mvc.EndpointHandlerMapping     : Mapped "{[/sys/monitor/service-registry/instance-status],methods=[POST]}" onto public org.springframework.http.ResponseEntity<?> org.springframework.cloud.client.serviceregistry.endpoint.ServiceRegistryEndpoint.setStatus(java.lang.String)
2019-10-16 10:12:34.346  INFO 19364 --- [main] o.s.b.a.e.mvc.EndpointHandlerMapping     : Mapped "{[/sys/monitor/service-registry/instance-status],methods=[GET]}" onto public org.springframework.http.ResponseEntity org.springframework.cloud.client.serviceregistry.endpoint.ServiceRegistryEndpoint.getStatus()
2019-10-16 10:12:34.347  INFO 19364 --- [main] o.s.b.a.e.mvc.EndpointHandlerMapping     : Mapped "{[/sys/monitor/restart || /sys/monitor/restart.json],methods=[POST]}" onto public java.lang.Object org.springframework.cloud.context.restart.RestartMvcEndpoint.invoke()
2019-10-16 10:12:34.347  INFO 19364 --- [main] o.s.b.a.e.mvc.EndpointHandlerMapping     : Mapped "{[/sys/monitor/env],methods=[POST]}" onto public java.lang.Object org.springframework.cloud.context.environment.EnvironmentManagerMvcEndpoint.value(java.util.Map<java.lang.String, java.lang.String>)
2019-10-16 10:12:34.347  INFO 19364 --- [main] o.s.b.a.e.mvc.EndpointHandlerMapping     : Mapped "{[/sys/monitor/env/reset],methods=[POST]}" onto public java.util.Map<java.lang.String, java.lang.Object> org.springframework.cloud.context.environment.EnvironmentManagerMvcEndpoint.reset()
2019-10-16 10:12:34.348  INFO 19364 --- [main] o.s.b.a.e.mvc.EndpointHandlerMapping     : Mapped "{[/sys/monitor/health || /sys/monitor/health.json],methods=[GET],produces=[application/vnd.spring-boot.actuator.v1+json || application/json]}" onto public java.lang.Object org.springframework.boot.actuate.endpoint.mvc.HealthMvcEndpoint.invoke(javax.servlet.http.HttpServletRequest,java.security.Principal)
2019-10-16 10:12:34.350  INFO 19364 --- [main] o.s.b.a.e.mvc.EndpointHandlerMapping     : Mapped "{[/sys/monitor/loggers/{name:.*}],methods=[GET],produces=[application/vnd.spring-boot.actuator.v1+json || application/json]}" onto public java.lang.Object org.springframework.boot.actuate.endpoint.mvc.LoggersMvcEndpoint.get(java.lang.String)
2019-10-16 10:12:34.351  INFO 19364 --- [main] o.s.b.a.e.mvc.EndpointHandlerMapping     : Mapped "{[/sys/monitor/loggers/{name:.*}],methods=[POST],consumes=[application/vnd.spring-boot.actuator.v1+json || application/json],produces=[application/vnd.spring-boot.actuator.v1+json || application/json]}" onto public java.lang.Object org.springframework.boot.actuate.endpoint.mvc.LoggersMvcEndpoint.set(java.lang.String,java.util.Map<java.lang.String, java.lang.String>)
2019-10-16 10:12:34.352  INFO 19364 --- [main] o.s.b.a.e.mvc.EndpointHandlerMapping     : Mapped "{[/sys/monitor/loggers || /sys/monitor/loggers.json],methods=[GET],produces=[application/vnd.spring-boot.actuator.v1+json || application/json]}" onto public java.lang.Object org.springframework.boot.actuate.endpoint.mvc.EndpointMvcAdapter.invoke()
2019-10-16 10:12:34.355  INFO 19364 --- [main] o.s.b.a.e.mvc.EndpointHandlerMapping     : Mapped "{[/sys/monitor/refresh || /sys/monitor/refresh.json],methods=[POST]}" onto public java.lang.Object org.springframework.cloud.endpoint.GenericPostableMvcEndpoint.invoke()
2019-10-16 10:12:34.356  INFO 19364 --- [main] o.s.b.a.e.mvc.EndpointHandlerMapping     : Mapped "{[/sys/monitor/heapdump || /sys/monitor/heapdump.json],methods=[GET],produces=[application/octet-stream]}" onto public void org.springframework.boot.actuate.endpoint.mvc.HeapdumpMvcEndpoint.invoke(boolean,javax.servlet.http.HttpServletRequest,javax.servlet.http.HttpServletResponse) throws java.io.IOException,javax.servlet.ServletException
2019-10-16 10:12:34.356  INFO 19364 --- [main] o.s.b.a.e.mvc.EndpointHandlerMapping     : Mapped "{[/sys/monitor/pause || /sys/monitor/pause.json],methods=[POST]}" onto public java.lang.Object org.springframework.cloud.endpoint.GenericPostableMvcEndpoint.invoke()
2019-10-16 10:12:34.357  INFO 19364 --- [main] o.s.b.a.e.mvc.EndpointHandlerMapping     : Mapped "{[/sys/monitor/metrics/{name:.*}],methods=[GET],produces=[application/vnd.spring-boot.actuator.v1+json || application/json]}" onto public java.lang.Object org.springframework.boot.actuate.endpoint.mvc.MetricsMvcEndpoint.value(java.lang.String)
2019-10-16 10:12:34.357  INFO 19364 --- [main] o.s.b.a.e.mvc.EndpointHandlerMapping     : Mapped "{[/sys/monitor/metrics || /sys/monitor/metrics.json],methods=[GET],produces=[application/vnd.spring-boot.actuator.v1+json || application/json]}" onto public java.lang.Object org.springframework.boot.actuate.endpoint.mvc.EndpointMvcAdapter.invoke()
2019-10-16 10:12:34.358  INFO 19364 --- [main] o.s.b.a.e.mvc.EndpointHandlerMapping     : Mapped "{[/sys/monitor/env/{name:.*}],methods=[GET],produces=[application/vnd.spring-boot.actuator.v1+json || application/json]}" onto public java.lang.Object org.springframework.boot.actuate.endpoint.mvc.EnvironmentMvcEndpoint.value(java.lang.String)
2019-10-16 10:12:34.358  INFO 19364 --- [main] o.s.b.a.e.mvc.EndpointHandlerMapping     : Mapped "{[/sys/monitor/env || /sys/monitor/env.json],methods=[GET],produces=[application/vnd.spring-boot.actuator.v1+json || application/json]}" onto public java.lang.Object org.springframework.boot.actuate.endpoint.mvc.EndpointMvcAdapter.invoke()
2019-10-16 10:12:34.358  INFO 19364 --- [main] o.s.b.a.e.mvc.EndpointHandlerMapping     : Mapped "{[/sys/monitor/configprops || /sys/monitor/configprops.json],methods=[GET],produces=[application/vnd.spring-boot.actuator.v1+json || application/json]}" onto public java.lang.Object org.springframework.boot.actuate.endpoint.mvc.EndpointMvcAdapter.invoke()
2019-10-16 10:12:34.359  INFO 19364 --- [main] o.s.b.a.e.mvc.EndpointHandlerMapping     : Mapped "{[/sys/monitor/mappings || /sys/monitor/mappings.json],methods=[GET],produces=[application/vnd.spring-boot.actuator.v1+json || application/json]}" onto public java.lang.Object org.springframework.boot.actuate.endpoint.mvc.EndpointMvcAdapter.invoke()
2019-10-16 10:12:34.360  INFO 19364 --- [main] o.s.b.a.e.mvc.EndpointHandlerMapping     : Mapped "{[/sys/monitor/trace || /sys/monitor/trace.json],methods=[GET],produces=[application/vnd.spring-boot.actuator.v1+json || application/json]}" onto public java.lang.Object org.springframework.boot.actuate.endpoint.mvc.EndpointMvcAdapter.invoke()
2019-10-16 10:12:34.361  INFO 19364 --- [main] o.s.s.web.DefaultSecurityFilterChain     : Creating filter chain: Ant [pattern='/sys/monitor/**'], [org.springframework.security.web.context.request.async.WebAsyncManagerIntegrationFilter@6ab1f85b, org.springframework.security.web.context.SecurityContextPersistenceFilter@638d2ce3, org.springframework.security.web.header.HeaderWriterFilter@1a06602f, org.springframework.web.filter.CorsFilter@10e8c7a2, org.springframework.security.web.authentication.logout.LogoutFilter@3b2c8bda, org.springframework.security.web.authentication.www.BasicAuthenticationFilter@63eea8c4, org.springframework.security.web.savedrequest.RequestCacheAwareFilter@197d5a87, org.springframework.security.web.servletapi.SecurityContextHolderAwareRequestFilter@1c411474, org.springframework.security.web.authentication.AnonymousAuthenticationFilter@5d8fd077, org.springframework.security.web.session.SessionManagementFilter@5fe3b058, org.springframework.security.web.access.ExceptionTranslationFilter@71668a67, org.springframework.security.web.access.intercept.FilterSecurityInterceptor@32dbca45]
2019-10-16 10:12:34.362  INFO 19364 --- [main] o.s.s.web.DefaultSecurityFilterChain     : Creating filter chain: OrRequestMatcher [requestMatchers=[Ant [pattern='/sys/monitor/**']]], [org.springframework.security.web.context.request.async.WebAsyncManagerIntegrationFilter@3fd9e01c, org.springframework.security.web.context.SecurityContextPersistenceFilter@6159fb3c, org.springframework.security.web.header.HeaderWriterFilter@5ac0bf84, org.springframework.security.web.authentication.logout.LogoutFilter@264576e4, org.springframework.security.web.authentication.www.BasicAuthenticationFilter@86bf90b, org.springframework.security.web.savedrequest.RequestCacheAwareFilter@68f79b7c, org.springframework.security.web.servletapi.SecurityContextHolderAwareRequestFilter@37142579, org.springframework.security.web.authentication.AnonymousAuthenticationFilter@36330be8, org.springframework.security.web.session.SessionManagementFilter@6fefc5ea, org.springframework.security.web.access.ExceptionTranslationFilter@7b7e4b20, org.springframework.security.web.access.intercept.FilterSecurityInterceptor@217b0952]
2019-10-16 10:12:34.538  INFO 19364 --- [main] o.s.ui.freemarker.SpringTemplateLoader   : SpringTemplateLoader for FreeMarker: using resource loader [org.springframework.boot.context.embedded.AnnotationConfigEmbeddedWebApplicationContext@3a230001: startup date [Wed Oct 16 10:12:30 CST 2019]; parent: org.springframework.context.annotation.AnnotationConfigApplicationContext@439a8f59] and template loader path [classpath:/templates/]
2019-10-16 10:12:34.538  INFO 19364 --- [main] o.s.w.s.v.f.FreeMarkerConfigurer         : ClassTemplateLoader for Spring macros added to FreeMarker configuration
2019-10-16 10:12:34.657  WARN 19364 --- [main] c.n.c.sources.URLConfigurationSource     : No URLs will be polled as dynamic configuration sources.
2019-10-16 10:12:34.657  INFO 19364 --- [main] c.n.c.sources.URLConfigurationSource     : To enable URLs as dynamic configuration sources, define System property archaius.configurationSource.additionalUrls or make config.properties available on classpath.
2019-10-16 10:12:34.660  WARN 19364 --- [main] c.n.c.sources.URLConfigurationSource     : No URLs will be polled as dynamic configuration sources.
2019-10-16 10:12:34.661  INFO 19364 --- [main] c.n.c.sources.URLConfigurationSource     : To enable URLs as dynamic configuration sources, define System property archaius.configurationSource.additionalUrls or make config.properties available on classpath.
2019-10-16 10:12:34.713  INFO 19364 --- [main] o.s.c.n.eureka.InstanceInfoFactory       : Setting initial instance status as: STARTING
2019-10-16 10:12:34.737  INFO 19364 --- [main] com.netflix.discovery.DiscoveryClient    : Initializing Eureka in region us-east-1
2019-10-16 10:12:34.929  INFO 19364 --- [main] c.n.d.provider.DiscoveryJerseyProvider   : Using JSON encoding codec LegacyJacksonJson
2019-10-16 10:12:34.929  INFO 19364 --- [main] c.n.d.provider.DiscoveryJerseyProvider   : Using JSON decoding codec LegacyJacksonJson
2019-10-16 10:12:34.929  INFO 19364 --- [main] c.n.d.provider.DiscoveryJerseyProvider   : Using XML encoding codec XStreamXml
2019-10-16 10:12:34.929  INFO 19364 --- [main] c.n.d.provider.DiscoveryJerseyProvider   : Using XML decoding codec XStreamXml
2019-10-16 10:12:35.053  INFO 19364 --- [main] c.n.d.s.r.aws.ConfigClusterResolver      : Resolving eureka endpoints via configuration
2019-10-16 10:12:35.159  INFO 19364 --- [main] com.netflix.discovery.DiscoveryClient    : Starting heartbeat executor: renew interval is: 30
2019-10-16 10:12:35.161  INFO 19364 --- [main] c.n.discovery.InstanceInfoReplicator     : InstanceInfoReplicator onDemand update allowed rate per min is 4
2019-10-16 10:12:35.163  INFO 19364 --- [main] com.netflix.discovery.DiscoveryClient    : Discovery Client initialized at timestamp 1571191955163 with initial instances count: 0
2019-10-16 10:12:35.212  INFO 19364 --- [main] c.n.eureka.DefaultEurekaServerContext    : Initializing ...
2019-10-16 10:12:35.212  INFO 19364 --- [main] c.n.eureka.cluster.PeerEurekaNodes       : Adding new peer nodes [http://eureka-02:8761/eureka/, http://eureka-03:8761/eureka/, http://eureka-01:8761/eureka/]
2019-10-16 10:12:35.214  INFO 19364 --- [main] c.n.d.provider.DiscoveryJerseyProvider   : Using JSON encoding codec LegacyJacksonJson
2019-10-16 10:12:35.214  INFO 19364 --- [main] c.n.d.provider.DiscoveryJerseyProvider   : Using JSON decoding codec LegacyJacksonJson
2019-10-16 10:12:35.214  INFO 19364 --- [main] c.n.d.provider.DiscoveryJerseyProvider   : Using XML encoding codec XStreamXml
2019-10-16 10:12:35.214  INFO 19364 --- [main] c.n.d.provider.DiscoveryJerseyProvider   : Using XML decoding codec XStreamXml
2019-10-16 10:12:35.323  INFO 19364 --- [main] c.n.d.provider.DiscoveryJerseyProvider   : Using JSON encoding codec LegacyJacksonJson
2019-10-16 10:12:35.323  INFO 19364 --- [main] c.n.d.provider.DiscoveryJerseyProvider   : Using JSON decoding codec LegacyJacksonJson
2019-10-16 10:12:35.323  INFO 19364 --- [main] c.n.d.provider.DiscoveryJerseyProvider   : Using XML encoding codec XStreamXml
2019-10-16 10:12:35.323  INFO 19364 --- [main] c.n.d.provider.DiscoveryJerseyProvider   : Using XML decoding codec XStreamXml
2019-10-16 10:12:35.417  INFO 19364 --- [main] c.n.d.provider.DiscoveryJerseyProvider   : Using JSON encoding codec LegacyJacksonJson
2019-10-16 10:12:35.417  INFO 19364 --- [main] c.n.d.provider.DiscoveryJerseyProvider   : Using JSON decoding codec LegacyJacksonJson
2019-10-16 10:12:35.417  INFO 19364 --- [main] c.n.d.provider.DiscoveryJerseyProvider   : Using XML encoding codec XStreamXml
2019-10-16 10:12:35.417  INFO 19364 --- [main] c.n.d.provider.DiscoveryJerseyProvider   : Using XML decoding codec XStreamXml
2019-10-16 10:12:35.507  INFO 19364 --- [main] c.n.eureka.cluster.PeerEurekaNodes       : Replica node URL:  http://eureka-02:8761/eureka/
2019-10-16 10:12:35.507  INFO 19364 --- [main] c.n.eureka.cluster.PeerEurekaNodes       : Replica node URL:  http://eureka-03:8761/eureka/
2019-10-16 10:12:35.507  INFO 19364 --- [main] c.n.eureka.cluster.PeerEurekaNodes       : Replica node URL:  http://eureka-01:8761/eureka/
2019-10-16 10:12:35.512  INFO 19364 --- [main] c.n.e.registry.AbstractInstanceRegistry  : Finished initializing remote region registries. All known remote regions: []
2019-10-16 10:12:35.512  INFO 19364 --- [main] c.n.eureka.DefaultEurekaServerContext    : Initialized
2019-10-16 10:12:35.750  INFO 19364 --- [main] o.s.j.e.a.AnnotationMBeanExporter        : Registering beans for JMX exposure on startup
2019-10-16 10:12:35.758  INFO 19364 --- [main] o.s.j.e.a.AnnotationMBeanExporter        : Bean with name 'environmentManager' has been autodetected for JMX exposure
2019-10-16 10:12:35.760  INFO 19364 --- [main] o.s.j.e.a.AnnotationMBeanExporter        : Bean with name 'configurationPropertiesRebinder' has been autodetected for JMX exposure
2019-10-16 10:12:35.760  INFO 19364 --- [main] o.s.j.e.a.AnnotationMBeanExporter        : Bean with name 'refreshEndpoint' has been autodetected for JMX exposure
2019-10-16 10:12:35.760  INFO 19364 --- [main] o.s.j.e.a.AnnotationMBeanExporter        : Bean with name 'restartEndpoint' has been autodetected for JMX exposure
2019-10-16 10:12:35.761  INFO 19364 --- [main] o.s.j.e.a.AnnotationMBeanExporter        : Bean with name 'serviceRegistryEndpoint' has been autodetected for JMX exposure
2019-10-16 10:12:35.762  INFO 19364 --- [main] o.s.j.e.a.AnnotationMBeanExporter        : Bean with name 'refreshScope' has been autodetected for JMX exposure
2019-10-16 10:12:35.764  INFO 19364 --- [main] o.s.j.e.a.AnnotationMBeanExporter        : Located managed bean 'environmentManager': registering with JMX server as MBean [org.springframework.cloud.context.environment:name=environmentManager,type=EnvironmentManager]
2019-10-16 10:12:35.775  INFO 19364 --- [main] o.s.j.e.a.AnnotationMBeanExporter        : Located managed bean 'restartEndpoint': registering with JMX server as MBean [org.springframework.cloud.context.restart:name=restartEndpoint,type=RestartEndpoint]
2019-10-16 10:12:35.786  INFO 19364 --- [main] o.s.j.e.a.AnnotationMBeanExporter        : Located managed bean 'serviceRegistryEndpoint': registering with JMX server as MBean [org.springframework.cloud.client.serviceregistry.endpoint:name=serviceRegistryEndpoint,type=ServiceRegistryEndpoint]
2019-10-16 10:12:35.791  INFO 19364 --- [main] o.s.j.e.a.AnnotationMBeanExporter        : Located managed bean 'refreshScope': registering with JMX server as MBean [org.springframework.cloud.context.scope.refresh:name=refreshScope,type=RefreshScope]
2019-10-16 10:12:35.800  INFO 19364 --- [main] o.s.j.e.a.AnnotationMBeanExporter        : Located managed bean 'configurationPropertiesRebinder': registering with JMX server as MBean [org.springframework.cloud.context.properties:name=configurationPropertiesRebinder,context=3a230001,type=ConfigurationPropertiesRebinder]
2019-10-16 10:12:35.804  INFO 19364 --- [main] o.s.j.e.a.AnnotationMBeanExporter        : Located managed bean 'refreshEndpoint': registering with JMX server as MBean [org.springframework.cloud.endpoint:name=refreshEndpoint,type=RefreshEndpoint]
2019-10-16 10:12:36.040  INFO 19364 --- [main] o.s.c.support.DefaultLifecycleProcessor  : Starting beans in phase 0
2019-10-16 10:12:36.040  INFO 19364 --- [main] o.s.c.n.e.s.EurekaServiceRegistry        : Registering application eureka-server with eureka with status UP
2019-10-16 10:12:36.041  INFO 19364 --- [main] com.netflix.discovery.DiscoveryClient    : Saw local status change event StatusChangeEvent [timestamp=1571191956041, current=UP, previous=STARTING]
2019-10-16 10:12:36.042  INFO 19364 --- [DiscoveryClient-InstanceInfoReplicator-0] com.netflix.discovery.DiscoveryClient    : DiscoveryClient_EUREKA-SERVER/KRH13.krh.cdyy.com:eureka-server:8761: registering service...
2019-10-16 10:12:36.109  INFO 19364 --- [Thread-10] o.s.c.n.e.server.EurekaServerBootstrap   : Setting the eureka configuration..
2019-10-16 10:12:36.109  INFO 19364 --- [Thread-10] o.s.c.n.e.server.EurekaServerBootstrap   : Eureka data center value eureka.datacenter is not set, defaulting to default
2019-10-16 10:12:36.109  INFO 19364 --- [Thread-10] o.s.c.n.e.server.EurekaServerBootstrap   : Eureka environment value eureka.environment is not set, defaulting to test
2019-10-16 10:12:36.115  INFO 19364 --- [Thread-10] o.s.c.n.e.server.EurekaServerBootstrap   : isAws returned false
2019-10-16 10:12:36.115  INFO 19364 --- [Thread-10] o.s.c.n.e.server.EurekaServerBootstrap   : Initialized server context
2019-10-16 10:12:36.145  INFO 19364 --- [main] s.b.c.e.t.TomcatEmbeddedServletContainer : Tomcat started on port(s): 8761 (http)
2019-10-16 10:12:36.146  INFO 19364 --- [main] .s.c.n.e.s.EurekaAutoServiceRegistration : Updating port to 8761
2019-10-16 10:12:36.149  INFO 19364 --- [main] com.env.eureka.EurekaApplication         : Started EurekaApplication in 7.853 seconds (JVM running for 10.237)
2019-10-16 10:12:36.704  INFO 19364 --- [RMI TCP Connection(3)-192.168.189.1] c.c.c.ConfigServicePropertySourceLocator : Fetching config from server at: http://config-center:17000
2019-10-16 10:12:36.815  INFO 19364 --- [http-nio-8761-exec-1] o.a.c.c.C.[Tomcat].[localhost].[/]       : Initializing Spring FrameworkServlet 'dispatcherServlet'
2019-10-16 10:12:36.816  INFO 19364 --- [http-nio-8761-exec-1] o.s.web.servlet.DispatcherServlet        : FrameworkServlet 'dispatcherServlet': initialization started
2019-10-16 10:12:36.858  INFO 19364 --- [http-nio-8761-exec-1] o.s.web.servlet.DispatcherServlet        : FrameworkServlet 'dispatcherServlet': initialization completed in 40 ms
2019-10-16 10:12:36.906  INFO 19364 --- [http-nio-8761-exec-1] c.n.e.registry.AbstractInstanceRegistry  : Registered instance EUREKA-SERVER/KRH13.krh.cdyy.com:eureka-server:8761 with status UP (replication=false)
2019-10-16 10:12:36.920  INFO 19364 --- [DiscoveryClient-InstanceInfoReplicator-0] com.netflix.discovery.DiscoveryClient    : DiscoveryClient_EUREKA-SERVER/KRH13.krh.cdyy.com:eureka-server:8761 - registration status: 204
2019-10-16 10:12:37.430  INFO 19364 --- [http-nio-8761-exec-2] c.n.e.registry.AbstractInstanceRegistry  : Registered instance EUREKA-SERVER/KRH13.krh.cdyy.com:eureka-server:8761 with status UP (replication=true)
2019-10-16 10:12:37.430  INFO 19364 --- [http-nio-8761-exec-3] c.n.e.registry.AbstractInstanceRegistry  : Registered instance EUREKA-SERVER/KRH13.krh.cdyy.com:eureka-server:8761 with status UP (replication=true)
2019-10-16 10:12:37.430  INFO 19364 --- [http-nio-8761-exec-4] c.n.e.registry.AbstractInstanceRegistry  : Registered instance EUREKA-SERVER/KRH13.krh.cdyy.com:eureka-server:8761 with status UP (replication=true)
2019-10-16 10:12:37.712  WARN 19364 --- [RMI TCP Connection(3)-192.168.189.1] c.c.c.ConfigServicePropertySourceLocator : Could not locate PropertySource: I/O error on GET request for "http://config-center:17000/common/prod/master": Connection refused: connect; nested exception is java.net.ConnectException: Connection refused: connect
2019-10-16 10:13:05.361  INFO 19364 --- [http-nio-8761-exec-7] c.n.e.registry.AbstractInstanceRegistry  : Registered instance API-GATEWAY/KRH13.krh.cdyy.com:api-gateway:10555 with status UP (replication=false)
2019-10-16 10:13:05.677  INFO 19364 --- [http-nio-8761-exec-9] c.n.e.registry.AbstractInstanceRegistry  : Registered instance API-GATEWAY/KRH13.krh.cdyy.com:api-gateway:10555 with status UP (replication=true)
2019-10-16 10:13:05.688  INFO 19364 --- [http-nio-8761-exec-10] c.n.e.registry.AbstractInstanceRegistry  : Registered instance API-GATEWAY/KRH13.krh.cdyy.com:api-gateway:10555 with status UP (replication=true)
2019-10-16 10:13:05.688  INFO 19364 --- [http-nio-8761-exec-1] c.n.e.registry.AbstractInstanceRegistry  : Registered instance API-GATEWAY/KRH13.krh.cdyy.com:api-gateway:10555 with status UP (replication=true)
2019-10-16 10:14:12.643  INFO 19364 --- [http-nio-8761-exec-10] c.n.e.registry.AbstractInstanceRegistry  : Registered instance TX-MANAGER/KRH13.krh.cdyy.com:tx-manager:8899 with status UP (replication=false)
2019-10-16 10:14:13.148  INFO 19364 --- [http-nio-8761-exec-1] c.n.e.registry.AbstractInstanceRegistry  : Registered instance TX-MANAGER/KRH13.krh.cdyy.com:tx-manager:8899 with status UP (replication=true)
2019-10-16 10:14:13.148  INFO 19364 --- [http-nio-8761-exec-3] c.n.e.registry.AbstractInstanceRegistry  : Registered instance TX-MANAGER/KRH13.krh.cdyy.com:tx-manager:8899 with status UP (replication=true)
2019-10-16 10:14:13.153  INFO 19364 --- [http-nio-8761-exec-4] c.n.e.registry.AbstractInstanceRegistry  : Registered instance TX-MANAGER/KRH13.krh.cdyy.com:tx-manager:8899 with status UP (replication=true)
2019-10-16 10:14:36.118  INFO 19364 --- [Thread-10] c.n.e.r.PeerAwareInstanceRegistryImpl    : Got 1 instances from neighboring DS node
2019-10-16 10:14:36.118  INFO 19364 --- [Thread-10] c.n.e.r.PeerAwareInstanceRegistryImpl    : Renew threshold is: 1
2019-10-16 10:14:36.118  INFO 19364 --- [Thread-10] c.n.e.r.PeerAwareInstanceRegistryImpl    : Changing status to UP
2019-10-16 10:14:36.121  INFO 19364 --- [Thread-10] e.s.EurekaServerInitializerConfiguration : Started Eureka Server
2019-10-16 10:15:04.231  INFO 19364 --- [http-nio-8761-exec-3] c.n.e.registry.AbstractInstanceRegistry  : Registered instance API-PATROL/KRH13.krh.cdyy.com:api-patrol:10101 with status UP (replication=false)
2019-10-16 10:15:04.744  INFO 19364 --- [http-nio-8761-exec-4] c.n.e.registry.AbstractInstanceRegistry  : Registered instance API-PATROL/KRH13.krh.cdyy.com:api-patrol:10101 with status UP (replication=true)
2019-10-16 10:15:04.744  INFO 19364 --- [http-nio-8761-exec-10] c.n.e.registry.AbstractInstanceRegistry  : Registered instance API-PATROL/KRH13.krh.cdyy.com:api-patrol:10101 with status UP (replication=true)
2019-10-16 10:15:04.745  INFO 19364 --- [http-nio-8761-exec-1] c.n.e.registry.AbstractInstanceRegistry  : Registered instance API-PATROL/KRH13.krh.cdyy.com:api-patrol:10101 with status UP (replication=true)
2019-10-16 10:15:36.120  INFO 19364 --- [Eureka-EvictionTimer] c.n.e.registry.AbstractInstanceRegistry  : Running the evict task with compensationTime 0ms
2019-10-16 10:16:36.120  INFO 19364 --- [Eureka-EvictionTimer] c.n.e.registry.AbstractInstanceRegistry  : Running the evict task with compensationTime 0ms
2019-10-16 10:17:36.043  INFO 19364 --- [AsyncResolver-bootstrap-executor-0] c.n.d.s.r.aws.ConfigClusterResolver      : Resolving eureka endpoints via configuration
2019-10-16 10:17:36.121  INFO 19364 --- [Eureka-EvictionTimer] c.n.e.registry.AbstractInstanceRegistry  : Running the evict task with compensationTime 0ms
2019-10-16 10:18:36.121  INFO 19364 --- [Eureka-EvictionTimer] c.n.e.registry.AbstractInstanceRegistry  : Running the evict task with compensationTime 0ms
2019-10-16 10:19:36.122  INFO 19364 --- [Eureka-EvictionTimer] c.n.e.registry.AbstractInstanceRegistry  : Running the evict task with compensationTime 2ms
2019-10-16 10:20:36.123  INFO 19364 --- [Eureka-EvictionTimer] c.n.e.registry.AbstractInstanceRegistry  : Running the evict task with compensationTime 2ms
2019-10-16 10:21:36.124  INFO 19364 --- [Eureka-EvictionTimer] c.n.e.registry.AbstractInstanceRegistry  : Running the evict task with compensationTime 3ms
2019-10-16 10:22:04.590  INFO 19364 --- [http-nio-8761-exec-7] c.n.e.registry.AbstractInstanceRegistry  : Registered instance API-TASK/KRH13.krh.cdyy.com:api-task:10201 with status UP (replication=false)
2019-10-16 10:22:04.675  INFO 19364 --- [http-nio-8761-exec-5] c.n.e.registry.AbstractInstanceRegistry  : Registered instance API-TASK/KRH13.krh.cdyy.com:api-task:10201 with status UP (replication=true)
2019-10-16 10:22:04.677  INFO 19364 --- [http-nio-8761-exec-5] c.n.e.registry.AbstractInstanceRegistry  : Registered instance API-TASK/KRH13.krh.cdyy.com:api-task:10201 with status UP (replication=true)
2019-10-16 10:22:04.680  INFO 19364 --- [http-nio-8761-exec-5] c.n.e.registry.AbstractInstanceRegistry  : Registered instance API-TASK/KRH13.krh.cdyy.com:api-task:10201 with status UP (replication=true)
2019-10-16 10:22:08.403  INFO 19364 --- [http-nio-8761-exec-2] c.n.e.registry.AbstractInstanceRegistry  : Registered instance API-TASK/KRH13.krh.cdyy.com:api-task:10201 with status DOWN (replication=false)
2019-10-16 10:22:08.406  INFO 19364 --- [http-nio-8761-exec-5] c.n.e.registry.AbstractInstanceRegistry  : Cancelled instance API-TASK/KRH13.krh.cdyy.com:api-task:10201 (replication=false)
2019-10-16 10:22:08.915  INFO 19364 --- [http-nio-8761-exec-10] c.n.e.registry.AbstractInstanceRegistry  : Registered instance API-TASK/KRH13.krh.cdyy.com:api-task:10201 with status DOWN (replication=true)
2019-10-16 10:22:08.916  INFO 19364 --- [http-nio-8761-exec-4] c.n.e.registry.AbstractInstanceRegistry  : Registered instance API-TASK/KRH13.krh.cdyy.com:api-task:10201 with status DOWN (replication=true)
2019-10-16 10:22:08.916  INFO 19364 --- [http-nio-8761-exec-10] c.n.e.registry.AbstractInstanceRegistry  : Cancelled instance API-TASK/KRH13.krh.cdyy.com:api-task:10201 (replication=true)
2019-10-16 10:22:08.916  WARN 19364 --- [http-nio-8761-exec-4] c.n.e.registry.AbstractInstanceRegistry  : DS: Registry: cancel failed because Lease is not registered for: API-TASK/KRH13.krh.cdyy.com:api-task:10201
2019-10-16 10:22:08.916  INFO 19364 --- [http-nio-8761-exec-4] c.n.eureka.resources.InstanceResource    : Not Found (Cancel): API-TASK - KRH13.krh.cdyy.com:api-task:10201
2019-10-16 10:22:08.917  WARN 19364 --- [TaskBatchingWorker-target_eureka-02-18] c.n.eureka.cluster.ReplicationTask       : The replication of task API-TASK/KRH13.krh.cdyy.com:api-task:10201:Cancel@eureka-02 failed with response code 404
2019-10-16 10:22:08.917  WARN 19364 --- [TaskBatchingWorker-target_eureka-02-18] c.netflix.eureka.cluster.PeerEurekaNode  : API-TASK/KRH13.krh.cdyy.com:api-task:10201:Cancel@eureka-02: missing entry.
2019-10-16 10:22:08.918  INFO 19364 --- [http-nio-8761-exec-4] c.n.e.registry.AbstractInstanceRegistry  : Registered instance API-TASK/KRH13.krh.cdyy.com:api-task:10201 with status DOWN (replication=true)
2019-10-16 10:22:08.918  INFO 19364 --- [http-nio-8761-exec-4] c.n.e.registry.AbstractInstanceRegistry  : Cancelled instance API-TASK/KRH13.krh.cdyy.com:api-task:10201 (replication=true)
2019-10-16 10:22:36.039  INFO 19364 --- [AsyncResolver-bootstrap-executor-0] c.n.d.s.r.aws.ConfigClusterResolver      : Resolving eureka endpoints via configuration
2019-10-16 10:22:36.124  INFO 19364 --- [Eureka-EvictionTimer] c.n.e.registry.AbstractInstanceRegistry  : Running the evict task with compensationTime 0ms
2019-10-16 10:23:36.124  INFO 19364 --- [Eureka-EvictionTimer] c.n.e.registry.AbstractInstanceRegistry  : Running the evict task with compensationTime 2ms
2019-10-16 10:24:27.076  INFO 19364 --- [http-nio-8761-exec-1] c.n.e.registry.AbstractInstanceRegistry  : Registered instance API-TASK/KRH13.krh.cdyy.com:api-task:10201 with status UP (replication=false)
2019-10-16 10:24:27.583  INFO 19364 --- [http-nio-8761-exec-10] c.n.e.registry.AbstractInstanceRegistry  : Registered instance API-TASK/KRH13.krh.cdyy.com:api-task:10201 with status UP (replication=true)
2019-10-16 10:24:27.583  INFO 19364 --- [http-nio-8761-exec-7] c.n.e.registry.AbstractInstanceRegistry  : Registered instance API-TASK/KRH13.krh.cdyy.com:api-task:10201 with status UP (replication=true)
2019-10-16 10:24:27.583  INFO 19364 --- [http-nio-8761-exec-5] c.n.e.registry.AbstractInstanceRegistry  : Registered instance API-TASK/KRH13.krh.cdyy.com:api-task:10201 with status UP (replication=true)
2019-10-16 10:24:36.128  INFO 19364 --- [Eureka-EvictionTimer] c.n.e.registry.AbstractInstanceRegistry  : Running the evict task with compensationTime 6ms
2019-10-16 10:25:36.129  INFO 19364 --- [Eureka-EvictionTimer] c.n.e.registry.AbstractInstanceRegistry  : Running the evict task with compensationTime 1ms
2019-10-16 10:26:36.130  INFO 19364 --- [Eureka-EvictionTimer] c.n.e.registry.AbstractInstanceRegistry  : Running the evict task with compensationTime 2ms
2019-10-16 10:27:35.513  INFO 19364 --- [ReplicaAwareInstanceRegistry - RenewalThresholdUpdater] c.n.e.r.PeerAwareInstanceRegistryImpl    : Current renewal threshold is : 5
2019-10-16 10:27:36.032  INFO 19364 --- [AsyncResolver-bootstrap-executor-0] c.n.d.s.r.aws.ConfigClusterResolver      : Resolving eureka endpoints via configuration
2019-10-16 10:27:36.131  INFO 19364 --- [Eureka-EvictionTimer] c.n.e.registry.AbstractInstanceRegistry  : Running the evict task with compensationTime 3ms
2019-10-16 10:28:36.131  INFO 19364 --- [Eureka-EvictionTimer] c.n.e.registry.AbstractInstanceRegistry  : Running the evict task with compensationTime 0ms
2019-10-16 10:29:36.132  INFO 19364 --- [Eureka-EvictionTimer] c.n.e.registry.AbstractInstanceRegistry  : Running the evict task with compensationTime 3ms
2019-10-16 10:30:36.134  INFO 19364 --- [Eureka-EvictionTimer] c.n.e.registry.AbstractInstanceRegistry  : Running the evict task with compensationTime 3ms
2019-10-16 10:31:36.134  INFO 19364 --- [Eureka-EvictionTimer] c.n.e.registry.AbstractInstanceRegistry  : Running the evict task with compensationTime 0ms
2019-10-16 10:31:41.921  INFO 19364 --- [http-nio-8761-exec-3] c.n.e.registry.AbstractInstanceRegistry  : Registered instance API-TASK/KRH13.krh.cdyy.com:api-task:10201 with status DOWN (replication=false)
2019-10-16 10:31:41.922  INFO 19364 --- [http-nio-8761-exec-10] c.n.e.registry.AbstractInstanceRegistry  : Cancelled instance API-TASK/KRH13.krh.cdyy.com:api-task:10201 (replication=false)
2019-10-16 10:31:42.424  INFO 19364 --- [http-nio-8761-exec-7] c.n.e.registry.AbstractInstanceRegistry  : Registered instance API-TASK/KRH13.krh.cdyy.com:api-task:10201 with status DOWN (replication=true)
2019-10-16 10:31:42.424  INFO 19364 --- [http-nio-8761-exec-9] c.n.e.registry.AbstractInstanceRegistry  : Registered instance API-TASK/KRH13.krh.cdyy.com:api-task:10201 with status DOWN (replication=true)
2019-10-16 10:31:42.425  INFO 19364 --- [http-nio-8761-exec-4] c.n.e.registry.AbstractInstanceRegistry  : Registered instance API-TASK/KRH13.krh.cdyy.com:api-task:10201 with status DOWN (replication=true)
2019-10-16 10:31:42.425  INFO 19364 --- [http-nio-8761-exec-7] c.n.e.registry.AbstractInstanceRegistry  : Cancelled instance API-TASK/KRH13.krh.cdyy.com:api-task:10201 (replication=true)
2019-10-16 10:31:42.425  WARN 19364 --- [http-nio-8761-exec-9] c.n.e.registry.AbstractInstanceRegistry  : DS: Registry: cancel failed because Lease is not registered for: API-TASK/KRH13.krh.cdyy.com:api-task:10201
2019-10-16 10:31:42.425  WARN 19364 --- [http-nio-8761-exec-4] c.n.e.registry.AbstractInstanceRegistry  : DS: Registry: cancel failed because Lease is not registered for: API-TASK/KRH13.krh.cdyy.com:api-task:10201
2019-10-16 10:31:42.425  INFO 19364 --- [http-nio-8761-exec-9] c.n.eureka.resources.InstanceResource    : Not Found (Cancel): API-TASK - KRH13.krh.cdyy.com:api-task:10201
2019-10-16 10:31:42.425  INFO 19364 --- [http-nio-8761-exec-4] c.n.eureka.resources.InstanceResource    : Not Found (Cancel): API-TASK - KRH13.krh.cdyy.com:api-task:10201
2019-10-16 10:31:42.425  WARN 19364 --- [TaskBatchingWorker-target_eureka-01-5] c.n.eureka.cluster.ReplicationTask       : The replication of task API-TASK/KRH13.krh.cdyy.com:api-task:10201:Cancel@eureka-01 failed with response code 404
2019-10-16 10:31:42.425  WARN 19364 --- [TaskBatchingWorker-target_eureka-02-9] c.n.eureka.cluster.ReplicationTask       : The replication of task API-TASK/KRH13.krh.cdyy.com:api-task:10201:Cancel@eureka-02 failed with response code 404
2019-10-16 10:31:42.425  WARN 19364 --- [TaskBatchingWorker-target_eureka-01-5] c.netflix.eureka.cluster.PeerEurekaNode  : API-TASK/KRH13.krh.cdyy.com:api-task:10201:Cancel@eureka-01: missing entry.
2019-10-16 10:31:42.425  WARN 19364 --- [TaskBatchingWorker-target_eureka-02-9] c.netflix.eureka.cluster.PeerEurekaNode  : API-TASK/KRH13.krh.cdyy.com:api-task:10201:Cancel@eureka-02: missing entry.
2019-10-16 10:31:45.433  INFO 19364 --- [http-nio-8761-exec-4] c.n.e.registry.AbstractInstanceRegistry  : Cancelled instance API-PATROL/KRH13.krh.cdyy.com:api-patrol:10101 (replication=false)
2019-10-16 10:31:45.936  WARN 19364 --- [http-nio-8761-exec-5] c.n.e.registry.AbstractInstanceRegistry  : DS: Registry: cancel failed because Lease is not registered for: API-PATROL/KRH13.krh.cdyy.com:api-patrol:10101
2019-10-16 10:31:45.936  WARN 19364 --- [http-nio-8761-exec-1] c.n.e.registry.AbstractInstanceRegistry  : DS: Registry: cancel failed because Lease is not registered for: API-PATROL/KRH13.krh.cdyy.com:api-patrol:10101
2019-10-16 10:31:45.936  WARN 19364 --- [http-nio-8761-exec-7] c.n.e.registry.AbstractInstanceRegistry  : DS: Registry: cancel failed because Lease is not registered for: API-PATROL/KRH13.krh.cdyy.com:api-patrol:10101
2019-10-16 10:31:45.936  INFO 19364 --- [http-nio-8761-exec-5] c.n.eureka.resources.InstanceResource    : Not Found (Cancel): API-PATROL - KRH13.krh.cdyy.com:api-patrol:10101
2019-10-16 10:31:45.936  INFO 19364 --- [http-nio-8761-exec-1] c.n.eureka.resources.InstanceResource    : Not Found (Cancel): API-PATROL - KRH13.krh.cdyy.com:api-patrol:10101
2019-10-16 10:31:45.936  INFO 19364 --- [http-nio-8761-exec-7] c.n.eureka.resources.InstanceResource    : Not Found (Cancel): API-PATROL - KRH13.krh.cdyy.com:api-patrol:10101
2019-10-16 10:31:45.937  WARN 19364 --- [TaskBatchingWorker-target_eureka-02-13] c.n.eureka.cluster.ReplicationTask       : The replication of task API-PATROL/KRH13.krh.cdyy.com:api-patrol:10101:Cancel@eureka-02 failed with response code 404
2019-10-16 10:31:45.937  WARN 19364 --- [TaskBatchingWorker-target_eureka-01-2] c.n.eureka.cluster.ReplicationTask       : The replication of task API-PATROL/KRH13.krh.cdyy.com:api-patrol:10101:Cancel@eureka-01 failed with response code 404
2019-10-16 10:31:45.937  WARN 19364 --- [TaskBatchingWorker-target_eureka-02-13] c.netflix.eureka.cluster.PeerEurekaNode  : API-PATROL/KRH13.krh.cdyy.com:api-patrol:10101:Cancel@eureka-02: missing entry.
2019-10-16 10:31:45.937  WARN 19364 --- [TaskBatchingWorker-target_eureka-01-2] c.netflix.eureka.cluster.PeerEurekaNode  : API-PATROL/KRH13.krh.cdyy.com:api-patrol:10101:Cancel@eureka-01: missing entry.
2019-10-16 10:31:45.937  WARN 19364 --- [TaskBatchingWorker-target_eureka-03-7] c.n.eureka.cluster.ReplicationTask       : The replication of task API-PATROL/KRH13.krh.cdyy.com:api-patrol:10101:Cancel@eureka-03 failed with response code 404
2019-10-16 10:31:45.937  WARN 19364 --- [TaskBatchingWorker-target_eureka-03-7] c.netflix.eureka.cluster.PeerEurekaNode  : API-PATROL/KRH13.krh.cdyy.com:api-patrol:10101:Cancel@eureka-03: missing entry.
2019-10-16 10:32:14.404  INFO 19364 --- [http-nio-8761-exec-7] c.n.e.registry.AbstractInstanceRegistry  : Registered instance API-PATROL/KRH13.krh.cdyy.com:api-patrol:10101 with status UP (replication=false)
2019-10-16 10:32:14.910  INFO 19364 --- [http-nio-8761-exec-5] c.n.e.registry.AbstractInstanceRegistry  : Registered instance API-PATROL/KRH13.krh.cdyy.com:api-patrol:10101 with status UP (replication=true)
2019-10-16 10:32:14.910  INFO 19364 --- [http-nio-8761-exec-1] c.n.e.registry.AbstractInstanceRegistry  : Registered instance API-PATROL/KRH13.krh.cdyy.com:api-patrol:10101 with status UP (replication=true)
2019-10-16 10:32:14.910  INFO 19364 --- [http-nio-8761-exec-8] c.n.e.registry.AbstractInstanceRegistry  : Registered instance API-PATROL/KRH13.krh.cdyy.com:api-patrol:10101 with status UP (replication=true)
2019-10-16 10:32:18.633  INFO 19364 --- [http-nio-8761-exec-3] c.n.e.registry.AbstractInstanceRegistry  : Registered instance API-TASK/KRH13.krh.cdyy.com:api-task:10201 with status UP (replication=false)
2019-10-16 10:32:19.141  INFO 19364 --- [http-nio-8761-exec-10] c.n.e.registry.AbstractInstanceRegistry  : Registered instance API-TASK/KRH13.krh.cdyy.com:api-task:10201 with status UP (replication=true)
2019-10-16 10:32:19.141  INFO 19364 --- [http-nio-8761-exec-6] c.n.e.registry.AbstractInstanceRegistry  : Registered instance API-TASK/KRH13.krh.cdyy.com:api-task:10201 with status UP (replication=true)
2019-10-16 10:32:19.142  INFO 19364 --- [http-nio-8761-exec-4] c.n.e.registry.AbstractInstanceRegistry  : Registered instance API-TASK/KRH13.krh.cdyy.com:api-task:10201 with status UP (replication=true)
2019-10-16 10:32:36.026  INFO 19364 --- [AsyncResolver-bootstrap-executor-0] c.n.d.s.r.aws.ConfigClusterResolver      : Resolving eureka endpoints via configuration
2019-10-16 10:32:36.134  INFO 19364 --- [Eureka-EvictionTimer] c.n.e.registry.AbstractInstanceRegistry  : Running the evict task with compensationTime 2ms
2019-10-16 10:33:36.134  INFO 19364 --- [Eureka-EvictionTimer] c.n.e.registry.AbstractInstanceRegistry  : Running the evict task with compensationTime 0ms
2019-10-16 10:34:36.135  INFO 19364 --- [Eureka-EvictionTimer] c.n.e.registry.AbstractInstanceRegistry  : Running the evict task with compensationTime 2ms
2019-10-16 10:35:03.924  INFO 19364 --- [http-nio-8761-exec-1] c.n.e.registry.AbstractInstanceRegistry  : Cancelled instance API-PATROL/KRH13.krh.cdyy.com:api-patrol:10101 (replication=false)
2019-10-16 10:35:03.924  INFO 19364 --- [http-nio-8761-exec-9] c.n.e.registry.AbstractInstanceRegistry  : Registered instance API-PATROL/KRH13.krh.cdyy.com:api-patrol:10101 with status DOWN (replication=false)
2019-10-16 10:35:04.427  INFO 19364 --- [http-nio-8761-exec-5] c.n.e.registry.AbstractInstanceRegistry  : Cancelled instance API-PATROL/KRH13.krh.cdyy.com:api-patrol:10101 (replication=true)
2019-10-16 10:35:04.428  INFO 19364 --- [http-nio-8761-exec-5] c.n.e.registry.AbstractInstanceRegistry  : Registered instance API-PATROL/KRH13.krh.cdyy.com:api-patrol:10101 with status DOWN (replication=true)
2019-10-16 10:35:04.432  WARN 19364 --- [http-nio-8761-exec-2] c.n.e.registry.AbstractInstanceRegistry  : DS: Registry: cancel failed because Lease is not registered for: API-PATROL/KRH13.krh.cdyy.com:api-patrol:10101
2019-10-16 10:35:04.432  INFO 19364 --- [http-nio-8761-exec-4] c.n.e.registry.AbstractInstanceRegistry  : Cancelled instance API-PATROL/KRH13.krh.cdyy.com:api-patrol:10101 (replication=true)
2019-10-16 10:35:04.433  INFO 19364 --- [http-nio-8761-exec-2] c.n.eureka.resources.InstanceResource    : Not Found (Cancel): API-PATROL - KRH13.krh.cdyy.com:api-patrol:10101
2019-10-16 10:35:04.433  INFO 19364 --- [http-nio-8761-exec-2] c.n.e.registry.AbstractInstanceRegistry  : Registered instance API-PATROL/KRH13.krh.cdyy.com:api-patrol:10101 with status DOWN (replication=true)
2019-10-16 10:35:04.433  INFO 19364 --- [http-nio-8761-exec-4] c.n.e.registry.AbstractInstanceRegistry  : Registered instance API-PATROL/KRH13.krh.cdyy.com:api-patrol:10101 with status DOWN (replication=true)
2019-10-16 10:35:04.433  WARN 19364 --- [TaskBatchingWorker-target_eureka-01-15] c.n.eureka.cluster.ReplicationTask       : The replication of task API-PATROL/KRH13.krh.cdyy.com:api-patrol:10101:Cancel@eureka-01 failed with response code 404
2019-10-16 10:35:04.433  WARN 19364 --- [TaskBatchingWorker-target_eureka-01-15] c.netflix.eureka.cluster.PeerEurekaNode  : API-PATROL/KRH13.krh.cdyy.com:api-patrol:10101:Cancel@eureka-01: missing entry.
2019-10-16 10:35:06.701  INFO 19364 --- [http-nio-8761-exec-2] c.n.e.registry.AbstractInstanceRegistry  : Cancelled instance API-TASK/KRH13.krh.cdyy.com:api-task:10201 (replication=false)
2019-10-16 10:35:07.208  WARN 19364 --- [http-nio-8761-exec-9] c.n.e.registry.AbstractInstanceRegistry  : DS: Registry: cancel failed because Lease is not registered for: API-TASK/KRH13.krh.cdyy.com:api-task:10201
2019-10-16 10:35:07.208  WARN 19364 --- [http-nio-8761-exec-1] c.n.e.registry.AbstractInstanceRegistry  : DS: Registry: cancel failed because Lease is not registered for: API-TASK/KRH13.krh.cdyy.com:api-task:10201
2019-10-16 10:35:07.208  WARN 19364 --- [http-nio-8761-exec-6] c.n.e.registry.AbstractInstanceRegistry  : DS: Registry: cancel failed because Lease is not registered for: API-TASK/KRH13.krh.cdyy.com:api-task:10201
2019-10-16 10:35:07.208  INFO 19364 --- [http-nio-8761-exec-1] c.n.eureka.resources.InstanceResource    : Not Found (Cancel): API-TASK - KRH13.krh.cdyy.com:api-task:10201
2019-10-16 10:35:07.208  INFO 19364 --- [http-nio-8761-exec-9] c.n.eureka.resources.InstanceResource    : Not Found (Cancel): API-TASK - KRH13.krh.cdyy.com:api-task:10201
2019-10-16 10:35:07.208  INFO 19364 --- [http-nio-8761-exec-6] c.n.eureka.resources.InstanceResource    : Not Found (Cancel): API-TASK - KRH13.krh.cdyy.com:api-task:10201
2019-10-16 10:35:07.208  WARN 19364 --- [TaskBatchingWorker-target_eureka-03-8] c.n.eureka.cluster.ReplicationTask       : The replication of task API-TASK/KRH13.krh.cdyy.com:api-task:10201:Cancel@eureka-03 failed with response code 404
2019-10-16 10:35:07.208  WARN 19364 --- [TaskBatchingWorker-target_eureka-01-4] c.n.eureka.cluster.ReplicationTask       : The replication of task API-TASK/KRH13.krh.cdyy.com:api-task:10201:Cancel@eureka-01 failed with response code 404
2019-10-16 10:35:07.209  WARN 19364 --- [TaskBatchingWorker-target_eureka-02-0] c.n.eureka.cluster.ReplicationTask       : The replication of task API-TASK/KRH13.krh.cdyy.com:api-task:10201:Cancel@eureka-02 failed with response code 404
2019-10-16 10:35:07.209  WARN 19364 --- [TaskBatchingWorker-target_eureka-03-8] c.netflix.eureka.cluster.PeerEurekaNode  : API-TASK/KRH13.krh.cdyy.com:api-task:10201:Cancel@eureka-03: missing entry.
2019-10-16 10:35:07.209  WARN 19364 --- [TaskBatchingWorker-target_eureka-01-4] c.netflix.eureka.cluster.PeerEurekaNode  : API-TASK/KRH13.krh.cdyy.com:api-task:10201:Cancel@eureka-01: missing entry.
2019-10-16 10:35:07.209  WARN 19364 --- [TaskBatchingWorker-target_eureka-02-0] c.netflix.eureka.cluster.PeerEurekaNode  : API-TASK/KRH13.krh.cdyy.com:api-task:10201:Cancel@eureka-02: missing entry.
2019-10-16 10:35:36.136  INFO 19364 --- [Eureka-EvictionTimer] c.n.e.registry.AbstractInstanceRegistry  : Running the evict task with compensationTime 2ms
2019-10-16 10:36:09.267  INFO 19364 --- [http-nio-8761-exec-10] c.n.e.registry.AbstractInstanceRegistry  : Registered instance API-PATROL/KRH13.krh.cdyy.com:api-patrol:10101 with status UP (replication=false)
2019-10-16 10:36:09.771  INFO 19364 --- [http-nio-8761-exec-2] c.n.e.registry.AbstractInstanceRegistry  : Registered instance API-PATROL/KRH13.krh.cdyy.com:api-patrol:10101 with status UP (replication=true)
2019-10-16 10:36:09.771  INFO 19364 --- [http-nio-8761-exec-5] c.n.e.registry.AbstractInstanceRegistry  : Registered instance API-PATROL/KRH13.krh.cdyy.com:api-patrol:10101 with status UP (replication=true)
2019-10-16 10:36:09.771  INFO 19364 --- [http-nio-8761-exec-8] c.n.e.registry.AbstractInstanceRegistry  : Registered instance API-PATROL/KRH13.krh.cdyy.com:api-patrol:10101 with status UP (replication=true)
2019-10-16 10:36:15.108  INFO 19364 --- [http-nio-8761-exec-2] c.n.e.registry.AbstractInstanceRegistry  : Registered instance API-TASK/KRH13.krh.cdyy.com:api-task:10201 with status UP (replication=false)
2019-10-16 10:36:15.615  INFO 19364 --- [http-nio-8761-exec-9] c.n.e.registry.AbstractInstanceRegistry  : Registered instance API-TASK/KRH13.krh.cdyy.com:api-task:10201 with status UP (replication=true)
2019-10-16 10:36:15.615  INFO 19364 --- [http-nio-8761-exec-1] c.n.e.registry.AbstractInstanceRegistry  : Registered instance API-TASK/KRH13.krh.cdyy.com:api-task:10201 with status UP (replication=true)
2019-10-16 10:36:15.615  INFO 19364 --- [http-nio-8761-exec-8] c.n.e.registry.AbstractInstanceRegistry  : Registered instance API-TASK/KRH13.krh.cdyy.com:api-task:10201 with status UP (replication=true)
2019-10-16 10:36:36.136  INFO 19364 --- [Eureka-EvictionTimer] c.n.e.registry.AbstractInstanceRegistry  : Running the evict task with compensationTime 1ms
2019-10-16 10:37:36.020  INFO 19364 --- [AsyncResolver-bootstrap-executor-0] c.n.d.s.r.aws.ConfigClusterResolver      : Resolving eureka endpoints via configuration
2019-10-16 10:37:36.136  INFO 19364 --- [Eureka-EvictionTimer] c.n.e.registry.AbstractInstanceRegistry  : Running the evict task with compensationTime 0ms
2019-10-16 10:38:09.216  INFO 19364 --- [http-nio-8761-exec-1] c.n.e.registry.AbstractInstanceRegistry  : Cancelled instance API-PATROL/KRH13.krh.cdyy.com:api-patrol:10101 (replication=false)
2019-10-16 10:38:09.217  INFO 19364 --- [http-nio-8761-exec-5] c.n.e.registry.AbstractInstanceRegistry  : Registered instance API-PATROL/KRH13.krh.cdyy.com:api-patrol:10101 with status DOWN (replication=false)
2019-10-16 10:38:09.666  INFO 19364 --- [http-nio-8761-exec-2] c.n.e.registry.AbstractInstanceRegistry  : Cancelled instance API-PATROL/KRH13.krh.cdyy.com:api-patrol:10101 (replication=true)
2019-10-16 10:38:09.666  WARN 19364 --- [http-nio-8761-exec-10] c.n.e.registry.AbstractInstanceRegistry  : DS: Registry: cancel failed because Lease is not registered for: API-PATROL/KRH13.krh.cdyy.com:api-patrol:10101
2019-10-16 10:38:09.666  WARN 19364 --- [http-nio-8761-exec-7] c.n.e.registry.AbstractInstanceRegistry  : DS: Registry: cancel failed because Lease is not registered for: API-PATROL/KRH13.krh.cdyy.com:api-patrol:10101
2019-10-16 10:38:09.667  INFO 19364 --- [http-nio-8761-exec-10] c.n.eureka.resources.InstanceResource    : Not Found (Cancel): API-PATROL - KRH13.krh.cdyy.com:api-patrol:10101
2019-10-16 10:38:09.667  INFO 19364 --- [http-nio-8761-exec-7] c.n.eureka.resources.InstanceResource    : Not Found (Cancel): API-PATROL - KRH13.krh.cdyy.com:api-patrol:10101
2019-10-16 10:38:09.667  INFO 19364 --- [http-nio-8761-exec-2] c.n.e.registry.AbstractInstanceRegistry  : Registered instance API-PATROL/KRH13.krh.cdyy.com:api-patrol:10101 with status DOWN (replication=true)
2019-10-16 10:38:09.667  INFO 19364 --- [http-nio-8761-exec-10] c.n.e.registry.AbstractInstanceRegistry  : Registered instance API-PATROL/KRH13.krh.cdyy.com:api-patrol:10101 with status DOWN (replication=true)
2019-10-16 10:38:09.667  INFO 19364 --- [http-nio-8761-exec-7] c.n.e.registry.AbstractInstanceRegistry  : Registered instance API-PATROL/KRH13.krh.cdyy.com:api-patrol:10101 with status DOWN (replication=true)
2019-10-16 10:38:09.667  WARN 19364 --- [TaskBatchingWorker-target_eureka-01-13] c.n.eureka.cluster.ReplicationTask       : The replication of task API-PATROL/KRH13.krh.cdyy.com:api-patrol:10101:Heartbeat@eureka-01 failed with response code 409
2019-10-16 10:38:09.667  WARN 19364 --- [TaskBatchingWorker-target_eureka-03-2] c.n.eureka.cluster.ReplicationTask       : The replication of task API-PATROL/KRH13.krh.cdyy.com:api-patrol:10101:Heartbeat@eureka-03 failed with response code 409
2019-10-16 10:38:09.667  WARN 19364 --- [TaskBatchingWorker-target_eureka-02-16] c.n.eureka.cluster.ReplicationTask       : The replication of task API-PATROL/KRH13.krh.cdyy.com:api-patrol:10101:Heartbeat@eureka-02 failed with response code 409
2019-10-16 10:38:09.667  WARN 19364 --- [TaskBatchingWorker-target_eureka-01-13] c.n.eureka.cluster.ReplicationTask       : The replication of task API-PATROL/KRH13.krh.cdyy.com:api-patrol:10101:Cancel@eureka-01 failed with response code 404
2019-10-16 10:38:09.667  WARN 19364 --- [TaskBatchingWorker-target_eureka-02-16] c.n.eureka.cluster.ReplicationTask       : The replication of task API-PATROL/KRH13.krh.cdyy.com:api-patrol:10101:Cancel@eureka-02 failed with response code 404
2019-10-16 10:38:09.667  WARN 19364 --- [TaskBatchingWorker-target_eureka-01-13] c.netflix.eureka.cluster.PeerEurekaNode  : API-PATROL/KRH13.krh.cdyy.com:api-patrol:10101:Cancel@eureka-01: missing entry.
2019-10-16 10:38:09.667  WARN 19364 --- [TaskBatchingWorker-target_eureka-02-16] c.netflix.eureka.cluster.PeerEurekaNode  : API-PATROL/KRH13.krh.cdyy.com:api-patrol:10101:Cancel@eureka-02: missing entry.
2019-10-16 10:38:12.181  INFO 19364 --- [http-nio-8761-exec-6] c.n.e.registry.AbstractInstanceRegistry  : Cancelled instance API-TASK/KRH13.krh.cdyy.com:api-task:10201 (replication=false)
2019-10-16 10:38:12.686  WARN 19364 --- [http-nio-8761-exec-4] c.n.e.registry.AbstractInstanceRegistry  : DS: Registry: cancel failed because Lease is not registered for: API-TASK/KRH13.krh.cdyy.com:api-task:10201
2019-10-16 10:38:12.686  WARN 19364 --- [http-nio-8761-exec-5] c.n.e.registry.AbstractInstanceRegistry  : DS: Registry: cancel failed because Lease is not registered for: API-TASK/KRH13.krh.cdyy.com:api-task:10201
2019-10-16 10:38:12.686  INFO 19364 --- [http-nio-8761-exec-4] c.n.eureka.resources.InstanceResource    : Not Found (Cancel): API-TASK - KRH13.krh.cdyy.com:api-task:10201
2019-10-16 10:38:12.686  INFO 19364 --- [http-nio-8761-exec-5] c.n.eureka.resources.InstanceResource    : Not Found (Cancel): API-TASK - KRH13.krh.cdyy.com:api-task:10201
2019-10-16 10:38:12.686  WARN 19364 --- [http-nio-8761-exec-9] c.n.e.registry.AbstractInstanceRegistry  : DS: Registry: cancel failed because Lease is not registered for: API-TASK/KRH13.krh.cdyy.com:api-task:10201
2019-10-16 10:38:12.686  INFO 19364 --- [http-nio-8761-exec-9] c.n.eureka.resources.InstanceResource    : Not Found (Cancel): API-TASK - KRH13.krh.cdyy.com:api-task:10201
2019-10-16 10:38:12.686  WARN 19364 --- [TaskBatchingWorker-target_eureka-02-18] c.n.eureka.cluster.ReplicationTask       : The replication of task API-TASK/KRH13.krh.cdyy.com:api-task:10201:Cancel@eureka-02 failed with response code 404
2019-10-16 10:38:12.686  WARN 19364 --- [TaskBatchingWorker-target_eureka-03-5] c.n.eureka.cluster.ReplicationTask       : The replication of task API-TASK/KRH13.krh.cdyy.com:api-task:10201:Cancel@eureka-03 failed with response code 404
2019-10-16 10:38:12.686  WARN 19364 --- [TaskBatchingWorker-target_eureka-02-18] c.netflix.eureka.cluster.PeerEurekaNode  : API-TASK/KRH13.krh.cdyy.com:api-task:10201:Cancel@eureka-02: missing entry.
2019-10-16 10:38:12.687  WARN 19364 --- [TaskBatchingWorker-target_eureka-03-5] c.netflix.eureka.cluster.PeerEurekaNode  : API-TASK/KRH13.krh.cdyy.com:api-task:10201:Cancel@eureka-03: missing entry.
2019-10-16 10:38:12.686  WARN 19364 --- [TaskBatchingWorker-target_eureka-01-17] c.n.eureka.cluster.ReplicationTask       : The replication of task API-TASK/KRH13.krh.cdyy.com:api-task:10201:Cancel@eureka-01 failed with response code 404
2019-10-16 10:38:12.687  WARN 19364 --- [TaskBatchingWorker-target_eureka-01-17] c.netflix.eureka.cluster.PeerEurekaNode  : API-TASK/KRH13.krh.cdyy.com:api-task:10201:Cancel@eureka-01: missing entry.
2019-10-16 10:38:36.137  INFO 19364 --- [Eureka-EvictionTimer] c.n.e.registry.AbstractInstanceRegistry  : Running the evict task with compensationTime 2ms
2019-10-16 10:38:43.876  INFO 19364 --- [http-nio-8761-exec-2] c.n.e.registry.AbstractInstanceRegistry  : Registered instance API-PATROL/KRH13.krh.cdyy.com:api-patrol:10101 with status UP (replication=false)
2019-10-16 10:38:44.379  INFO 19364 --- [http-nio-8761-exec-6] c.n.e.registry.AbstractInstanceRegistry  : Registered instance API-PATROL/KRH13.krh.cdyy.com:api-patrol:10101 with status UP (replication=true)
2019-10-16 10:38:44.379  INFO 19364 --- [http-nio-8761-exec-10] c.n.e.registry.AbstractInstanceRegistry  : Registered instance API-PATROL/KRH13.krh.cdyy.com:api-patrol:10101 with status UP (replication=true)
2019-10-16 10:38:44.379  INFO 19364 --- [http-nio-8761-exec-3] c.n.e.registry.AbstractInstanceRegistry  : Registered instance API-PATROL/KRH13.krh.cdyy.com:api-patrol:10101 with status UP (replication=true)
2019-10-16 10:38:46.444  INFO 19364 --- [http-nio-8761-exec-8] c.n.e.registry.AbstractInstanceRegistry  : Registered instance API-TASK/KRH13.krh.cdyy.com:api-task:10201 with status UP (replication=false)
2019-10-16 10:38:46.951  INFO 19364 --- [http-nio-8761-exec-5] c.n.e.registry.AbstractInstanceRegistry  : Registered instance API-TASK/KRH13.krh.cdyy.com:api-task:10201 with status UP (replication=true)
2019-10-16 10:38:46.951  INFO 19364 --- [http-nio-8761-exec-9] c.n.e.registry.AbstractInstanceRegistry  : Registered instance API-TASK/KRH13.krh.cdyy.com:api-task:10201 with status UP (replication=true)
2019-10-16 10:38:46.951  INFO 19364 --- [http-nio-8761-exec-4] c.n.e.registry.AbstractInstanceRegistry  : Registered instance API-TASK/KRH13.krh.cdyy.com:api-task:10201 with status UP (replication=true)
2019-10-16 10:39:36.137  INFO 19364 --- [Eureka-EvictionTimer] c.n.e.registry.AbstractInstanceRegistry  : Running the evict task with compensationTime 1ms
2019-10-16 10:40:36.138  INFO 19364 --- [Eureka-EvictionTimer] c.n.e.registry.AbstractInstanceRegistry  : Running the evict task with compensationTime 2ms
2019-10-16 10:41:36.138  INFO 19364 --- [Eureka-EvictionTimer] c.n.e.registry.AbstractInstanceRegistry  : Running the evict task with compensationTime 1ms
2019-10-16 10:42:35.514  INFO 19364 --- [ReplicaAwareInstanceRegistry - RenewalThresholdUpdater] c.n.e.r.PeerAwareInstanceRegistryImpl    : Current renewal threshold is : 8
2019-10-16 10:42:36.014  INFO 19364 --- [AsyncResolver-bootstrap-executor-0] c.n.d.s.r.aws.ConfigClusterResolver      : Resolving eureka endpoints via configuration
2019-10-16 10:42:36.138  INFO 19364 --- [Eureka-EvictionTimer] c.n.e.registry.AbstractInstanceRegistry  : Running the evict task with compensationTime 1ms
2019-10-16 10:43:36.139  INFO 19364 --- [Eureka-EvictionTimer] c.n.e.registry.AbstractInstanceRegistry  : Running the evict task with compensationTime 2ms
2019-10-16 10:44:36.140  INFO 19364 --- [Eureka-EvictionTimer] c.n.e.registry.AbstractInstanceRegistry  : Running the evict task with compensationTime 2ms
2019-10-16 10:45:36.141  INFO 19364 --- [Eureka-EvictionTimer] c.n.e.registry.AbstractInstanceRegistry  : Running the evict task with compensationTime 2ms
2019-10-16 10:46:36.142  INFO 19364 --- [Eureka-EvictionTimer] c.n.e.registry.AbstractInstanceRegistry  : Running the evict task with compensationTime 3ms
2019-10-16 10:47:36.009  INFO 19364 --- [AsyncResolver-bootstrap-executor-0] c.n.d.s.r.aws.ConfigClusterResolver      : Resolving eureka endpoints via configuration
2019-10-16 10:47:36.142  INFO 19364 --- [Eureka-EvictionTimer] c.n.e.registry.AbstractInstanceRegistry  : Running the evict task with compensationTime 1ms
2019-10-16 10:48:36.142  INFO 19364 --- [Eureka-EvictionTimer] c.n.e.registry.AbstractInstanceRegistry  : Running the evict task with compensationTime 0ms
2019-10-16 10:49:36.142  INFO 19364 --- [Eureka-EvictionTimer] c.n.e.registry.AbstractInstanceRegistry  : Running the evict task with compensationTime 2ms
2019-10-16 10:50:36.143  INFO 19364 --- [Eureka-EvictionTimer] c.n.e.registry.AbstractInstanceRegistry  : Running the evict task with compensationTime 2ms
2019-10-16 10:51:36.144  INFO 19364 --- [Eureka-EvictionTimer] c.n.e.registry.AbstractInstanceRegistry  : Running the evict task with compensationTime 2ms
2019-10-16 10:52:36.004  INFO 19364 --- [AsyncResolver-bootstrap-executor-0] c.n.d.s.r.aws.ConfigClusterResolver      : Resolving eureka endpoints via configuration
2019-10-16 10:52:36.150  INFO 19364 --- [Eureka-EvictionTimer] c.n.e.registry.AbstractInstanceRegistry  : Running the evict task with compensationTime 6ms
2019-10-16 10:53:36.151  INFO 19364 --- [Eureka-EvictionTimer] c.n.e.registry.AbstractInstanceRegistry  : Running the evict task with compensationTime 2ms
2019-10-16 10:54:36.151  INFO 19364 --- [Eureka-EvictionTimer] c.n.e.registry.AbstractInstanceRegistry  : Running the evict task with compensationTime 1ms
2019-10-16 10:55:36.152  INFO 19364 --- [Eureka-EvictionTimer] c.n.e.registry.AbstractInstanceRegistry  : Running the evict task with compensationTime 3ms
2019-10-16 10:56:36.152  INFO 19364 --- [Eureka-EvictionTimer] c.n.e.registry.AbstractInstanceRegistry  : Running the evict task with compensationTime 0ms
2019-10-16 10:57:35.515  INFO 19364 --- [ReplicaAwareInstanceRegistry - RenewalThresholdUpdater] c.n.e.r.PeerAwareInstanceRegistryImpl    : Current renewal threshold is : 8
2019-10-16 10:57:36.001  INFO 19364 --- [AsyncResolver-bootstrap-executor-0] c.n.d.s.r.aws.ConfigClusterResolver      : Resolving eureka endpoints via configuration
2019-10-16 10:57:36.160  INFO 19364 --- [Eureka-EvictionTimer] c.n.e.registry.AbstractInstanceRegistry  : Running the evict task with compensationTime 9ms
2019-10-16 10:58:36.161  INFO 19364 --- [Eureka-EvictionTimer] c.n.e.registry.AbstractInstanceRegistry  : Running the evict task with compensationTime 2ms
2019-10-16 10:59:36.161  INFO 19364 --- [Eureka-EvictionTimer] c.n.e.registry.AbstractInstanceRegistry  : Running the evict task with compensationTime 0ms
2019-10-16 11:00:36.161  INFO 19364 --- [Eureka-EvictionTimer] c.n.e.registry.AbstractInstanceRegistry  : Running the evict task with compensationTime 1ms
2019-10-16 11:01:36.162  INFO 19364 --- [Eureka-EvictionTimer] c.n.e.registry.AbstractInstanceRegistry  : Running the evict task with compensationTime 2ms
2019-10-16 11:02:35.996  INFO 19364 --- [AsyncResolver-bootstrap-executor-0] c.n.d.s.r.aws.ConfigClusterResolver      : Resolving eureka endpoints via configuration
2019-10-16 11:02:36.162  INFO 19364 --- [Eureka-EvictionTimer] c.n.e.registry.AbstractInstanceRegistry  : Running the evict task with compensationTime 0ms
2019-10-16 11:03:36.163  INFO 19364 --- [Eureka-EvictionTimer] c.n.e.registry.AbstractInstanceRegistry  : Running the evict task with compensationTime 2ms
2019-10-16 11:04:36.164  INFO 19364 --- [Eureka-EvictionTimer] c.n.e.registry.AbstractInstanceRegistry  : Running the evict task with compensationTime 2ms
2019-10-16 11:05:36.164  INFO 19364 --- [Eureka-EvictionTimer] c.n.e.registry.AbstractInstanceRegistry  : Running the evict task with compensationTime 0ms
2019-10-16 11:06:36.165  INFO 19364 --- [Eureka-EvictionTimer] c.n.e.registry.AbstractInstanceRegistry  : Running the evict task with compensationTime 2ms
2019-10-16 11:07:35.992  INFO 19364 --- [AsyncResolver-bootstrap-executor-0] c.n.d.s.r.aws.ConfigClusterResolver      : Resolving eureka endpoints via configuration
2019-10-16 11:07:36.165  INFO 19364 --- [Eureka-EvictionTimer] c.n.e.registry.AbstractInstanceRegistry  : Running the evict task with compensationTime 0ms
2019-10-16 11:08:36.166  INFO 19364 --- [Eureka-EvictionTimer] c.n.e.registry.AbstractInstanceRegistry  : Running the evict task with compensationTime 2ms
2019-10-16 11:09:36.167  INFO 19364 --- [Eureka-EvictionTimer] c.n.e.registry.AbstractInstanceRegistry  : Running the evict task with compensationTime 2ms
2019-10-16 11:10:36.167  INFO 19364 --- [Eureka-EvictionTimer] c.n.e.registry.AbstractInstanceRegistry  : Running the evict task with compensationTime 1ms
2019-10-16 11:11:36.168  INFO 19364 --- [Eureka-EvictionTimer] c.n.e.registry.AbstractInstanceRegistry  : Running the evict task with compensationTime 2ms
2019-10-16 11:11:57.564  INFO 19364 --- [Thread-12] ationConfigEmbeddedWebApplicationContext : Closing org.springframework.boot.context.embedded.AnnotationConfigEmbeddedWebApplicationContext@3a230001: startup date [Wed Oct 16 10:12:30 CST 2019]; parent: org.springframework.context.annotation.AnnotationConfigApplicationContext@439a8f59
2019-10-16 11:11:57.570  INFO 19364 --- [Thread-12] o.s.c.n.e.s.EurekaServiceRegistry        : Unregistering application eureka-server with eureka with status DOWN
2019-10-16 11:11:57.570  WARN 19364 --- [Thread-12] com.netflix.discovery.DiscoveryClient    : Saw local status change event StatusChangeEvent [timestamp=1571195517570, current=DOWN, previous=UP]
2019-10-16 11:11:57.571  INFO 19364 --- [DiscoveryClient-InstanceInfoReplicator-0] com.netflix.discovery.DiscoveryClient    : DiscoveryClient_EUREKA-SERVER/KRH13.krh.cdyy.com:eureka-server:8761: registering service...
2019-10-16 11:11:57.571  INFO 19364 --- [Thread-12] com.netflix.discovery.DiscoveryClient    : Shutting down DiscoveryClient ...
2019-10-16 11:11:57.572  INFO 19364 --- [Thread-12] com.netflix.discovery.DiscoveryClient    : Unregistering ...
2019-10-16 11:11:57.575  INFO 19364 --- [http-nio-8761-exec-1] c.n.e.registry.AbstractInstanceRegistry  : Cancelled instance EUREKA-SERVER/KRH13.krh.cdyy.com:eureka-server:8761 (replication=false)
2019-10-16 11:11:57.576  INFO 19364 --- [http-nio-8761-exec-4] c.n.e.registry.AbstractInstanceRegistry  : Registered instance EUREKA-SERVER/KRH13.krh.cdyy.com:eureka-server:8761 with status DOWN (replication=false)
2019-10-16 11:11:57.576  INFO 19364 --- [Thread-12] com.netflix.discovery.DiscoveryClient    : DiscoveryClient_EUREKA-SERVER/KRH13.krh.cdyy.com:eureka-server:8761 - deregister  status: 200
2019-10-16 11:11:57.576  INFO 19364 --- [DiscoveryClient-InstanceInfoReplicator-0] com.netflix.discovery.DiscoveryClient    : DiscoveryClient_EUREKA-SERVER/KRH13.krh.cdyy.com:eureka-server:8761 - registration status: 204
2019-10-16 11:11:57.578  INFO 19364 --- [Thread-12] com.netflix.discovery.DiscoveryClient    : Completed shut down of DiscoveryClient
2019-10-16 11:11:57.580  INFO 19364 --- [Thread-12] o.s.c.support.DefaultLifecycleProcessor  : Stopping beans in phase 0
2019-10-16 11:11:57.583  INFO 19364 --- [Thread-12] c.n.eureka.DefaultEurekaServerContext    : Shutting down ...
2019-10-16 11:11:57.585  INFO 19364 --- [Thread-12] c.n.eureka.DefaultEurekaServerContext    : Shut down
2019-10-16 11:11:57.591  INFO 19364 --- [Thread-12] o.s.j.e.a.AnnotationMBeanExporter        : Unregistering JMX-exposed beans on shutdown
2019-10-16 11:11:57.599  INFO 19364 --- [Thread-12] o.s.j.e.a.AnnotationMBeanExporter        : Unregistering JMX-exposed beans
